[INFO ] 2021-04-16 17:46:30.831 [restartedMain] ProjectbackendApplication - Starting ProjectbackendApplication using Java 15.0.2 on DESKTOP-SGTOE57 with PID 22896 (C:\Users\rafas\OneDrive\Área de Trabalho\TP_ES\open-sky-project\projectbackend\target\classes started by rafas in C:\Users\rafas\OneDrive\Área de Trabalho\TP_ES\open-sky-project\projectbackend)
[DEBUG] 2021-04-16 17:46:30.843 [restartedMain] ProjectbackendApplication - Running with Spring Boot v2.4.4, Spring v5.3.5
[INFO ] 2021-04-16 17:46:30.844 [restartedMain] ProjectbackendApplication - No active profile set, falling back to default profiles: default
[INFO ] 2021-04-16 17:46:35.040 [restartedMain] ProjectbackendApplication - Started ProjectbackendApplication in 4.745 seconds (JVM running for 7.252)
[INFO ] 2021-04-16 17:47:14.174 [http-nio-8080-exec-1] PlaneController - Open Sky Services - Get History
[INFO ] 2021-04-16 17:48:59.275 [restartedMain] ProjectbackendApplication - Starting ProjectbackendApplication using Java 15.0.2 on DESKTOP-SGTOE57 with PID 24332 (C:\Users\rafas\OneDrive\Área de Trabalho\TP_ES\open-sky-project\projectbackend\target\classes started by rafas in C:\Users\rafas\OneDrive\Área de Trabalho\TP_ES\open-sky-project\projectbackend)
[DEBUG] 2021-04-16 17:48:59.283 [restartedMain] ProjectbackendApplication - Running with Spring Boot v2.4.4, Spring v5.3.5
[INFO ] 2021-04-16 17:48:59.284 [restartedMain] ProjectbackendApplication - No active profile set, falling back to default profiles: default
[INFO ] 2021-04-16 17:49:03.050 [restartedMain] ProjectbackendApplication - Started ProjectbackendApplication in 4.197 seconds (JVM running for 6.118)
[INFO ] 2021-04-16 17:49:06.197 [http-nio-8080-exec-1] PlaneController - Open Sky Services - Get History
[INFO ] 2021-04-16 17:49:15.860 [restartedMain] ProjectbackendApplication - Starting ProjectbackendApplication using Java 15.0.2 on DESKTOP-SGTOE57 with PID 24332 (C:\Users\rafas\OneDrive\Área de Trabalho\TP_ES\open-sky-project\projectbackend\target\classes started by rafas in C:\Users\rafas\OneDrive\Área de Trabalho\TP_ES\open-sky-project\projectbackend)
[DEBUG] 2021-04-16 17:49:15.861 [restartedMain] ProjectbackendApplication - Running with Spring Boot v2.4.4, Spring v5.3.5
[INFO ] 2021-04-16 17:49:15.862 [restartedMain] ProjectbackendApplication - No active profile set, falling back to default profiles: default
[INFO ] 2021-04-16 17:49:16.550 [restartedMain] ProjectbackendApplication - Started ProjectbackendApplication in 0.795 seconds (JVM running for 19.618)
[INFO ] 2021-04-17 19:47:08.960 [restartedMain] ProjectbackendApplication - Starting ProjectbackendApplication using Java 15.0.2 on DESKTOP-SGTOE57 with PID 1648 (C:\Users\rafas\OneDrive\Área de Trabalho\TP_ES\open-sky-project\projectbackend\target\classes started by rafas in C:\Users\rafas\OneDrive\Área de Trabalho\TP_ES\open-sky-project\projectbackend)
[DEBUG] 2021-04-17 19:47:08.972 [restartedMain] ProjectbackendApplication - Running with Spring Boot v2.4.4, Spring v5.3.5
[INFO ] 2021-04-17 19:47:08.973 [restartedMain] ProjectbackendApplication - No active profile set, falling back to default profiles: default
[INFO ] 2021-04-17 19:48:18.375 [restartedMain] ProjectbackendApplication - Starting ProjectbackendApplication using Java 15.0.2 on DESKTOP-SGTOE57 with PID 16376 (C:\Users\rafas\OneDrive\Área de Trabalho\TP_ES\open-sky-project\projectbackend\target\classes started by rafas in C:\Users\rafas\OneDrive\Área de Trabalho\TP_ES\open-sky-project\projectbackend)
[DEBUG] 2021-04-17 19:48:18.387 [restartedMain] ProjectbackendApplication - Running with Spring Boot v2.4.4, Spring v5.3.5
[INFO ] 2021-04-17 19:48:18.388 [restartedMain] ProjectbackendApplication - No active profile set, falling back to default profiles: default
[INFO ] 2021-04-17 19:48:22.727 [scheduling-1] OpenSkyService - Calling External API
[INFO ] 2021-04-17 19:48:22.744 [restartedMain] ProjectbackendApplication - Started ProjectbackendApplication in 4.956 seconds (JVM running for 6.763)
[INFO ] 2021-04-17 19:48:28.815 [scheduling-1] OpenSkyService - Success on calling the API
[INFO ] 2021-04-17 19:48:28.815 [scheduling-1] OpenSkyService - Updating information on 44 planes
[INFO ] 2021-04-17 19:48:29.007 [scheduling-1] OpenSkyService - Returning the stored information of 114 planes from the database
[INFO ] 2021-04-17 19:48:29.147 [scheduling-1] OpenSkyService - Returning the stored information of 151 planes from the database
[INFO ] 2021-04-17 19:48:29.147 [scheduling-1] OpenSkyService - Updating the database: 37 new planes entering the region
[INFO ] 2021-04-17 19:48:29.147 [scheduling-1] OpenSkyService - Calling External API
[INFO ] 2021-04-17 19:48:50.611 [scheduling-1] OpenSkyService - Success on calling the API
[INFO ] 2021-04-17 19:48:50.611 [scheduling-1] OpenSkyService - Updating information on 44 planes
[INFO ] 2021-04-17 19:48:50.619 [scheduling-1] OpenSkyService - Returning the stored information of 151 planes from the database
[INFO ] 2021-04-17 19:48:50.691 [scheduling-1] OpenSkyService - Returning the stored information of 153 planes from the database
[INFO ] 2021-04-17 19:48:50.692 [scheduling-1] OpenSkyService - Updating the database: 2 new planes entering the region
[INFO ] 2021-04-17 19:48:50.692 [scheduling-1] OpenSkyService - Calling External API
[INFO ] 2021-04-17 19:48:55.394 [scheduling-1] OpenSkyService - Success on calling the API
[INFO ] 2021-04-17 19:48:55.395 [scheduling-1] OpenSkyService - Updating information on 44 planes
[INFO ] 2021-04-17 19:48:55.400 [scheduling-1] OpenSkyService - Returning the stored information of 153 planes from the database
[INFO ] 2021-04-17 19:48:55.442 [scheduling-1] OpenSkyService - Returning the stored information of 153 planes from the database
[INFO ] 2021-04-17 19:48:55.442 [scheduling-1] OpenSkyService - Updating the database: 0 new planes entering the region
[INFO ] 2021-04-17 19:48:55.442 [scheduling-1] OpenSkyService - Calling External API
[INFO ] 2021-04-17 19:49:17.812 [http-nio-8080-exec-1] PlaneController - Request for altitude history
[INFO ] 2021-04-17 19:49:17.818 [http-nio-8080-exec-1] OpenSkyService - Returning the stored information of 153 planes from the database
[INFO ] 2021-04-17 19:49:18.835 [scheduling-1] OpenSkyService - Success on calling the API
[INFO ] 2021-04-17 19:49:18.836 [scheduling-1] OpenSkyService - Updating information on 43 planes
[INFO ] 2021-04-17 19:49:18.841 [scheduling-1] OpenSkyService - Returning the stored information of 153 planes from the database
[INFO ] 2021-04-17 19:49:18.953 [scheduling-1] OpenSkyService - Returning the stored information of 153 planes from the database
[INFO ] 2021-04-17 19:49:18.954 [scheduling-1] OpenSkyService - Updating the database: 0 new planes entering the region
[INFO ] 2021-04-17 19:49:18.954 [scheduling-1] OpenSkyService - Calling External API
[INFO ] 2021-04-17 19:49:22.321 [scheduling-1] OpenSkyService - Success on calling the API
[INFO ] 2021-04-17 19:49:22.321 [scheduling-1] OpenSkyService - Updating information on 44 planes
[INFO ] 2021-04-17 19:49:22.326 [scheduling-1] OpenSkyService - Returning the stored information of 153 planes from the database
[INFO ] 2021-04-17 19:49:22.381 [scheduling-1] OpenSkyService - Returning the stored information of 154 planes from the database
[INFO ] 2021-04-17 19:49:22.381 [scheduling-1] OpenSkyService - Updating the database: 1 new planes entering the region
[INFO ] 2021-04-17 19:49:22.381 [scheduling-1] OpenSkyService - Calling External API
[INFO ] 2021-04-17 19:49:30.905 [http-nio-8080-exec-2] PlaneController - Request for live plane information
[INFO ] 2021-04-17 19:49:30.906 [http-nio-8080-exec-2] OpenSkyService - Returning 44 planes for live information
[INFO ] 2021-04-17 19:49:35.975 [http-nio-8080-exec-3] PlaneController - Request for live plane information
[INFO ] 2021-04-17 19:49:35.976 [http-nio-8080-exec-3] OpenSkyService - Returning 44 planes for live information
[INFO ] 2021-04-17 19:49:41.013 [http-nio-8080-exec-4] PlaneController - Request for live plane information
[INFO ] 2021-04-17 19:49:41.013 [http-nio-8080-exec-4] OpenSkyService - Returning 44 planes for live information
[INFO ] 2021-04-17 19:49:43.891 [scheduling-1] OpenSkyService - Success on calling the API
[INFO ] 2021-04-17 19:49:43.891 [scheduling-1] OpenSkyService - Updating information on 45 planes
[INFO ] 2021-04-17 19:49:43.896 [scheduling-1] OpenSkyService - Returning the stored information of 154 planes from the database
[INFO ] 2021-04-17 19:49:43.956 [scheduling-1] OpenSkyService - Returning the stored information of 155 planes from the database
[INFO ] 2021-04-17 19:49:43.956 [scheduling-1] OpenSkyService - Updating the database: 1 new planes entering the region
[INFO ] 2021-04-17 19:49:43.957 [scheduling-1] OpenSkyService - Calling External API
[INFO ] 2021-04-17 19:49:44.090 [scheduling-1] OpenSkyService - Success on calling the API
[INFO ] 2021-04-17 19:49:44.090 [scheduling-1] OpenSkyService - Updating information on 45 planes
[INFO ] 2021-04-17 19:49:44.094 [scheduling-1] OpenSkyService - Returning the stored information of 155 planes from the database
[INFO ] 2021-04-17 19:49:44.129 [scheduling-1] OpenSkyService - Returning the stored information of 155 planes from the database
[INFO ] 2021-04-17 19:49:44.129 [scheduling-1] OpenSkyService - Updating the database: 0 new planes entering the region
[INFO ] 2021-04-17 19:49:44.129 [scheduling-1] OpenSkyService - Calling External API
[INFO ] 2021-04-17 19:49:45.107 [scheduling-1] OpenSkyService - Success on calling the API
[INFO ] 2021-04-17 19:49:45.107 [scheduling-1] OpenSkyService - Updating information on 45 planes
[INFO ] 2021-04-17 19:49:45.112 [scheduling-1] OpenSkyService - Returning the stored information of 155 planes from the database
[INFO ] 2021-04-17 19:49:45.141 [scheduling-1] OpenSkyService - Returning the stored information of 155 planes from the database
[INFO ] 2021-04-17 19:49:45.141 [scheduling-1] OpenSkyService - Updating the database: 0 new planes entering the region
[INFO ] 2021-04-17 19:49:45.141 [scheduling-1] OpenSkyService - Calling External API
[INFO ] 2021-04-17 19:49:45.692 [scheduling-1] OpenSkyService - Success on calling the API
[INFO ] 2021-04-17 19:49:45.693 [scheduling-1] OpenSkyService - Updating information on 45 planes
[INFO ] 2021-04-17 19:49:45.697 [scheduling-1] OpenSkyService - Returning the stored information of 155 planes from the database
[INFO ] 2021-04-17 19:49:45.726 [scheduling-1] OpenSkyService - Returning the stored information of 155 planes from the database
[INFO ] 2021-04-17 19:49:45.726 [scheduling-1] OpenSkyService - Updating the database: 0 new planes entering the region
[INFO ] 2021-04-17 19:49:45.726 [scheduling-1] OpenSkyService - Calling External API
[INFO ] 2021-04-17 19:49:46.036 [http-nio-8080-exec-5] PlaneController - Request for live plane information
[INFO ] 2021-04-17 19:49:46.036 [http-nio-8080-exec-5] OpenSkyService - Returning 45 planes for live information
[INFO ] 2021-04-17 19:49:46.404 [scheduling-1] OpenSkyService - Success on calling the API
[INFO ] 2021-04-17 19:49:46.404 [scheduling-1] OpenSkyService - Updating information on 45 planes
[INFO ] 2021-04-17 19:49:46.408 [scheduling-1] OpenSkyService - Returning the stored information of 155 planes from the database
[INFO ] 2021-04-17 19:49:46.440 [scheduling-1] OpenSkyService - Returning the stored information of 155 planes from the database
[INFO ] 2021-04-17 19:49:46.440 [scheduling-1] OpenSkyService - Updating the database: 0 new planes entering the region
[INFO ] 2021-04-17 19:49:46.440 [scheduling-1] OpenSkyService - Calling External API
[INFO ] 2021-04-17 19:49:47.295 [scheduling-1] OpenSkyService - Success on calling the API
[INFO ] 2021-04-17 19:49:47.296 [scheduling-1] OpenSkyService - Updating information on 45 planes
[INFO ] 2021-04-17 19:49:47.301 [scheduling-1] OpenSkyService - Returning the stored information of 155 planes from the database
[INFO ] 2021-04-17 19:49:47.331 [scheduling-1] OpenSkyService - Returning the stored information of 155 planes from the database
[INFO ] 2021-04-17 19:49:47.331 [scheduling-1] OpenSkyService - Updating the database: 0 new planes entering the region
[INFO ] 2021-04-17 19:49:47.331 [scheduling-1] OpenSkyService - Calling External API
[INFO ] 2021-04-17 19:49:51.090 [http-nio-8080-exec-6] PlaneController - Request for live plane information
[INFO ] 2021-04-17 19:49:51.090 [http-nio-8080-exec-6] OpenSkyService - Returning 45 planes for live information
[INFO ] 2021-04-17 19:49:56.129 [http-nio-8080-exec-7] PlaneController - Request for live plane information
[INFO ] 2021-04-17 19:49:56.130 [http-nio-8080-exec-7] OpenSkyService - Returning 45 planes for live information
[INFO ] 2021-04-17 19:50:01.160 [http-nio-8080-exec-8] PlaneController - Request for live plane information
[INFO ] 2021-04-17 19:50:01.160 [http-nio-8080-exec-8] OpenSkyService - Returning 45 planes for live information
[INFO ] 2021-04-17 19:50:06.190 [http-nio-8080-exec-9] PlaneController - Request for live plane information
[INFO ] 2021-04-17 19:50:06.191 [http-nio-8080-exec-9] OpenSkyService - Returning 45 planes for live information
[INFO ] 2021-04-17 19:50:07.928 [scheduling-1] OpenSkyService - Success on calling the API
[INFO ] 2021-04-17 19:50:07.928 [scheduling-1] OpenSkyService - Updating information on 44 planes
[INFO ] 2021-04-17 19:50:07.933 [scheduling-1] OpenSkyService - Returning the stored information of 155 planes from the database
[INFO ] 2021-04-17 19:50:07.980 [scheduling-1] OpenSkyService - Returning the stored information of 157 planes from the database
[INFO ] 2021-04-17 19:50:07.980 [scheduling-1] OpenSkyService - Updating the database: 2 new planes entering the region
[INFO ] 2021-04-17 19:50:07.980 [scheduling-1] OpenSkyService - Calling External API
[INFO ] 2021-04-17 19:50:11.220 [http-nio-8080-exec-10] PlaneController - Request for live plane information
[INFO ] 2021-04-17 19:50:11.220 [http-nio-8080-exec-10] OpenSkyService - Returning 44 planes for live information
[INFO ] 2021-04-17 19:50:11.543 [scheduling-1] OpenSkyService - Success on calling the API
[INFO ] 2021-04-17 19:50:11.543 [scheduling-1] OpenSkyService - Updating information on 43 planes
[INFO ] 2021-04-17 19:50:11.547 [scheduling-1] OpenSkyService - Returning the stored information of 157 planes from the database
[INFO ] 2021-04-17 19:50:11.595 [scheduling-1] OpenSkyService - Returning the stored information of 157 planes from the database
[INFO ] 2021-04-17 19:50:11.595 [scheduling-1] OpenSkyService - Updating the database: 0 new planes entering the region
[INFO ] 2021-04-17 19:50:11.596 [scheduling-1] OpenSkyService - Calling External API
[INFO ] 2021-04-17 19:50:12.971 [scheduling-1] OpenSkyService - Success on calling the API
[INFO ] 2021-04-17 19:50:12.971 [scheduling-1] OpenSkyService - Updating information on 43 planes
[INFO ] 2021-04-17 19:50:12.975 [scheduling-1] OpenSkyService - Returning the stored information of 157 planes from the database
[INFO ] 2021-04-17 19:50:13.004 [scheduling-1] OpenSkyService - Returning the stored information of 157 planes from the database
[INFO ] 2021-04-17 19:50:13.005 [scheduling-1] OpenSkyService - Updating the database: 0 new planes entering the region
[INFO ] 2021-04-17 19:50:13.005 [scheduling-1] OpenSkyService - Calling External API
[INFO ] 2021-04-17 19:50:13.619 [scheduling-1] OpenSkyService - Success on calling the API
[INFO ] 2021-04-17 19:50:13.619 [scheduling-1] OpenSkyService - Updating information on 43 planes
[INFO ] 2021-04-17 19:50:13.624 [scheduling-1] OpenSkyService - Returning the stored information of 157 planes from the database
[INFO ] 2021-04-17 19:50:13.648 [scheduling-1] OpenSkyService - Returning the stored information of 157 planes from the database
[INFO ] 2021-04-17 19:50:13.648 [scheduling-1] OpenSkyService - Updating the database: 0 new planes entering the region
[INFO ] 2021-04-17 19:50:13.648 [scheduling-1] OpenSkyService - Calling External API
[INFO ] 2021-04-17 19:50:16.261 [http-nio-8080-exec-1] PlaneController - Request for live plane information
[INFO ] 2021-04-17 19:50:16.261 [http-nio-8080-exec-1] OpenSkyService - Returning 43 planes for live information
[INFO ] 2021-04-17 19:50:21.288 [http-nio-8080-exec-2] PlaneController - Request for live plane information
[INFO ] 2021-04-17 19:50:21.289 [http-nio-8080-exec-2] OpenSkyService - Returning 43 planes for live information
[INFO ] 2021-04-17 19:50:26.314 [http-nio-8080-exec-3] PlaneController - Request for live plane information
[INFO ] 2021-04-17 19:50:26.315 [http-nio-8080-exec-3] OpenSkyService - Returning 43 planes for live information
[INFO ] 2021-04-17 19:50:31.336 [http-nio-8080-exec-4] PlaneController - Request for live plane information
[INFO ] 2021-04-17 19:50:31.336 [http-nio-8080-exec-4] OpenSkyService - Returning 43 planes for live information
[INFO ] 2021-04-17 19:50:31.504 [scheduling-1] OpenSkyService - Success on calling the API
[INFO ] 2021-04-17 19:50:31.505 [scheduling-1] OpenSkyService - Updating information on 41 planes
[INFO ] 2021-04-17 19:50:31.509 [scheduling-1] OpenSkyService - Returning the stored information of 157 planes from the database
[INFO ] 2021-04-17 19:50:31.556 [scheduling-1] OpenSkyService - Returning the stored information of 158 planes from the database
[INFO ] 2021-04-17 19:50:31.556 [scheduling-1] OpenSkyService - Updating the database: 1 new planes entering the region
[INFO ] 2021-04-17 19:50:31.557 [scheduling-1] OpenSkyService - Calling External API
[INFO ] 2021-04-17 19:50:36.367 [http-nio-8080-exec-5] PlaneController - Request for live plane information
[INFO ] 2021-04-17 19:50:36.367 [http-nio-8080-exec-5] OpenSkyService - Returning 41 planes for live information
[INFO ] 2021-04-17 19:50:39.693 [scheduling-1] OpenSkyService - Success on calling the API
[INFO ] 2021-04-17 19:50:39.693 [scheduling-1] OpenSkyService - Updating information on 41 planes
[INFO ] 2021-04-17 19:50:39.697 [scheduling-1] OpenSkyService - Returning the stored information of 158 planes from the database
[INFO ] 2021-04-17 19:50:39.722 [scheduling-1] OpenSkyService - Returning the stored information of 158 planes from the database
[INFO ] 2021-04-17 19:50:39.722 [scheduling-1] OpenSkyService - Updating the database: 0 new planes entering the region
[INFO ] 2021-04-17 19:50:39.722 [scheduling-1] OpenSkyService - Calling External API
[INFO ] 2021-04-17 19:50:41.408 [http-nio-8080-exec-6] PlaneController - Request for live plane information
[INFO ] 2021-04-17 19:50:41.408 [http-nio-8080-exec-6] OpenSkyService - Returning 41 planes for live information
[INFO ] 2021-04-17 19:50:46.440 [http-nio-8080-exec-7] PlaneController - Request for live plane information
[INFO ] 2021-04-17 19:50:46.440 [http-nio-8080-exec-7] OpenSkyService - Returning 41 planes for live information
[INFO ] 2021-04-17 19:50:51.472 [http-nio-8080-exec-8] PlaneController - Request for live plane information
[INFO ] 2021-04-17 19:50:51.472 [http-nio-8080-exec-8] OpenSkyService - Returning 41 planes for live information
[INFO ] 2021-04-17 19:50:56.054 [scheduling-1] OpenSkyService - Success on calling the API
[INFO ] 2021-04-17 19:50:56.054 [scheduling-1] OpenSkyService - Updating information on 39 planes
[INFO ] 2021-04-17 19:50:56.059 [scheduling-1] OpenSkyService - Returning the stored information of 158 planes from the database
[INFO ] 2021-04-17 19:50:56.102 [scheduling-1] OpenSkyService - Returning the stored information of 159 planes from the database
[INFO ] 2021-04-17 19:50:56.102 [scheduling-1] OpenSkyService - Updating the database: 1 new planes entering the region
[INFO ] 2021-04-17 19:50:56.102 [scheduling-1] OpenSkyService - Calling External API
[INFO ] 2021-04-17 19:50:56.496 [http-nio-8080-exec-9] PlaneController - Request for live plane information
[INFO ] 2021-04-17 19:50:56.496 [http-nio-8080-exec-9] OpenSkyService - Returning 39 planes for live information
[INFO ] 2021-04-17 19:51:01.526 [http-nio-8080-exec-10] PlaneController - Request for live plane information
[INFO ] 2021-04-17 19:51:01.526 [http-nio-8080-exec-10] OpenSkyService - Returning 39 planes for live information
[INFO ] 2021-04-17 19:51:02.088 [scheduling-1] OpenSkyService - Success on calling the API
[INFO ] 2021-04-17 19:51:02.088 [scheduling-1] OpenSkyService - Updating information on 37 planes
[INFO ] 2021-04-17 19:51:02.092 [scheduling-1] OpenSkyService - Returning the stored information of 159 planes from the database
[INFO ] 2021-04-17 19:51:02.133 [scheduling-1] OpenSkyService - Returning the stored information of 159 planes from the database
[INFO ] 2021-04-17 19:51:02.133 [scheduling-1] OpenSkyService - Updating the database: 0 new planes entering the region
[INFO ] 2021-04-17 19:51:02.133 [scheduling-1] OpenSkyService - Calling External API
[INFO ] 2021-04-17 19:51:06.557 [http-nio-8080-exec-1] PlaneController - Request for live plane information
[INFO ] 2021-04-17 19:51:06.557 [http-nio-8080-exec-1] OpenSkyService - Returning 37 planes for live information
[INFO ] 2021-04-17 19:51:11.600 [http-nio-8080-exec-2] PlaneController - Request for live plane information
[INFO ] 2021-04-17 19:51:11.600 [http-nio-8080-exec-2] OpenSkyService - Returning 37 planes for live information
[INFO ] 2021-04-17 19:51:15.539 [scheduling-1] OpenSkyService - Success on calling the API
[INFO ] 2021-04-17 19:51:15.540 [scheduling-1] OpenSkyService - Updating information on 37 planes
[INFO ] 2021-04-17 19:51:15.544 [scheduling-1] OpenSkyService - Returning the stored information of 159 planes from the database
[INFO ] 2021-04-17 19:51:15.580 [scheduling-1] OpenSkyService - Returning the stored information of 160 planes from the database
[INFO ] 2021-04-17 19:51:15.580 [scheduling-1] OpenSkyService - Updating the database: 1 new planes entering the region
[INFO ] 2021-04-17 19:51:15.580 [scheduling-1] OpenSkyService - Calling External API
[INFO ] 2021-04-17 19:51:16.637 [http-nio-8080-exec-3] PlaneController - Request for live plane information
[INFO ] 2021-04-17 19:51:16.637 [http-nio-8080-exec-3] OpenSkyService - Returning 37 planes for live information
[INFO ] 2021-04-17 19:51:16.740 [scheduling-1] OpenSkyService - Success on calling the API
[INFO ] 2021-04-17 19:51:16.740 [scheduling-1] OpenSkyService - Updating information on 37 planes
[INFO ] 2021-04-17 19:51:16.744 [scheduling-1] OpenSkyService - Returning the stored information of 160 planes from the database
[INFO ] 2021-04-17 19:51:16.763 [scheduling-1] OpenSkyService - Returning the stored information of 160 planes from the database
[INFO ] 2021-04-17 19:51:16.764 [scheduling-1] OpenSkyService - Updating the database: 0 new planes entering the region
[INFO ] 2021-04-17 19:51:16.764 [scheduling-1] OpenSkyService - Calling External API
[INFO ] 2021-04-17 19:51:17.619 [scheduling-1] OpenSkyService - Success on calling the API
[INFO ] 2021-04-17 19:51:17.619 [scheduling-1] OpenSkyService - Updating information on 37 planes
[INFO ] 2021-04-17 19:51:17.623 [scheduling-1] OpenSkyService - Returning the stored information of 160 planes from the database
[INFO ] 2021-04-17 19:51:17.643 [scheduling-1] OpenSkyService - Returning the stored information of 160 planes from the database
[INFO ] 2021-04-17 19:51:17.643 [scheduling-1] OpenSkyService - Updating the database: 0 new planes entering the region
[INFO ] 2021-04-17 19:51:17.643 [scheduling-1] OpenSkyService - Calling External API
[INFO ] 2021-04-17 19:51:19.057 [scheduling-1] OpenSkyService - Success on calling the API
[INFO ] 2021-04-17 19:51:19.057 [scheduling-1] OpenSkyService - Updating information on 37 planes
[INFO ] 2021-04-17 19:51:19.061 [scheduling-1] OpenSkyService - Returning the stored information of 160 planes from the database
[INFO ] 2021-04-17 19:51:19.081 [scheduling-1] OpenSkyService - Returning the stored information of 160 planes from the database
[INFO ] 2021-04-17 19:51:19.081 [scheduling-1] OpenSkyService - Updating the database: 0 new planes entering the region
[INFO ] 2021-04-17 19:51:19.081 [scheduling-1] OpenSkyService - Calling External API
[INFO ] 2021-04-17 19:51:21.677 [http-nio-8080-exec-4] PlaneController - Request for live plane information
[INFO ] 2021-04-17 19:51:21.678 [http-nio-8080-exec-4] OpenSkyService - Returning 37 planes for live information
[INFO ] 2021-04-17 19:51:26.696 [http-nio-8080-exec-5] PlaneController - Request for live plane information
[INFO ] 2021-04-17 19:51:26.697 [http-nio-8080-exec-5] OpenSkyService - Returning 37 planes for live information
[INFO ] 2021-04-17 19:51:31.729 [http-nio-8080-exec-6] PlaneController - Request for live plane information
[INFO ] 2021-04-17 19:51:31.729 [http-nio-8080-exec-6] OpenSkyService - Returning 37 planes for live information
[INFO ] 2021-04-17 19:51:36.773 [http-nio-8080-exec-7] PlaneController - Request for live plane information
[INFO ] 2021-04-17 19:51:36.773 [http-nio-8080-exec-7] OpenSkyService - Returning 37 planes for live information
[INFO ] 2021-04-17 19:51:39.690 [scheduling-1] OpenSkyService - Success on calling the API
[INFO ] 2021-04-17 19:51:39.691 [scheduling-1] OpenSkyService - Updating information on 34 planes
[INFO ] 2021-04-17 19:51:39.694 [scheduling-1] OpenSkyService - Returning the stored information of 160 planes from the database
[INFO ] 2021-04-17 19:51:39.729 [scheduling-1] OpenSkyService - Returning the stored information of 161 planes from the database
[INFO ] 2021-04-17 19:51:39.729 [scheduling-1] OpenSkyService - Updating the database: 1 new planes entering the region
[INFO ] 2021-04-17 19:51:39.729 [scheduling-1] OpenSkyService - Calling External API
[INFO ] 2021-04-17 19:51:40.487 [scheduling-1] OpenSkyService - Success on calling the API
[INFO ] 2021-04-17 19:51:40.487 [scheduling-1] OpenSkyService - Updating information on 35 planes
[INFO ] 2021-04-17 19:51:40.491 [scheduling-1] OpenSkyService - Returning the stored information of 161 planes from the database
[INFO ] 2021-04-17 19:51:40.524 [scheduling-1] OpenSkyService - Returning the stored information of 161 planes from the database
[INFO ] 2021-04-17 19:51:40.524 [scheduling-1] OpenSkyService - Updating the database: 0 new planes entering the region
[INFO ] 2021-04-17 19:51:40.524 [scheduling-1] OpenSkyService - Calling External API
[INFO ] 2021-04-17 19:51:41.500 [scheduling-1] OpenSkyService - Success on calling the API
[INFO ] 2021-04-17 19:51:41.501 [scheduling-1] OpenSkyService - Updating information on 35 planes
[INFO ] 2021-04-17 19:51:41.505 [scheduling-1] OpenSkyService - Returning the stored information of 161 planes from the database
[INFO ] 2021-04-17 19:51:41.523 [scheduling-1] OpenSkyService - Returning the stored information of 161 planes from the database
[INFO ] 2021-04-17 19:51:41.523 [scheduling-1] OpenSkyService - Updating the database: 0 new planes entering the region
[INFO ] 2021-04-17 19:51:41.523 [scheduling-1] OpenSkyService - Calling External API
[INFO ] 2021-04-17 19:51:41.806 [http-nio-8080-exec-8] PlaneController - Request for live plane information
[INFO ] 2021-04-17 19:51:41.806 [http-nio-8080-exec-8] OpenSkyService - Returning 35 planes for live information
[INFO ] 2021-04-17 19:51:46.842 [http-nio-8080-exec-9] PlaneController - Request for live plane information
[INFO ] 2021-04-17 19:51:46.842 [http-nio-8080-exec-9] OpenSkyService - Returning 35 planes for live information
[INFO ] 2021-04-17 19:51:51.872 [http-nio-8080-exec-10] PlaneController - Request for live plane information
[INFO ] 2021-04-17 19:51:51.873 [http-nio-8080-exec-10] OpenSkyService - Returning 35 planes for live information
[INFO ] 2021-04-17 19:51:56.904 [http-nio-8080-exec-1] PlaneController - Request for live plane information
[INFO ] 2021-04-17 19:51:56.905 [http-nio-8080-exec-1] OpenSkyService - Returning 35 planes for live information
[INFO ] 2021-04-17 19:51:59.680 [scheduling-1] OpenSkyService - Success on calling the API
[INFO ] 2021-04-17 19:51:59.680 [scheduling-1] OpenSkyService - Updating information on 34 planes
[INFO ] 2021-04-17 19:51:59.684 [scheduling-1] OpenSkyService - Returning the stored information of 161 planes from the database
[INFO ] 2021-04-17 19:51:59.716 [scheduling-1] OpenSkyService - Returning the stored information of 161 planes from the database
[INFO ] 2021-04-17 19:51:59.716 [scheduling-1] OpenSkyService - Updating the database: 0 new planes entering the region
[INFO ] 2021-04-17 19:51:59.716 [scheduling-1] OpenSkyService - Calling External API
[INFO ] 2021-04-17 19:52:01.938 [http-nio-8080-exec-2] PlaneController - Request for live plane information
[INFO ] 2021-04-17 19:52:01.938 [http-nio-8080-exec-2] OpenSkyService - Returning 34 planes for live information
[INFO ] 2021-04-17 19:52:03.487 [scheduling-1] OpenSkyService - Success on calling the API
[INFO ] 2021-04-17 19:52:03.487 [scheduling-1] OpenSkyService - Updating information on 34 planes
[INFO ] 2021-04-17 19:52:03.491 [scheduling-1] OpenSkyService - Returning the stored information of 161 planes from the database
[INFO ] 2021-04-17 19:52:03.524 [scheduling-1] OpenSkyService - Returning the stored information of 161 planes from the database
[INFO ] 2021-04-17 19:52:03.524 [scheduling-1] OpenSkyService - Updating the database: 0 new planes entering the region
[INFO ] 2021-04-17 19:52:03.524 [scheduling-1] OpenSkyService - Calling External API
[INFO ] 2021-04-17 19:52:06.974 [http-nio-8080-exec-3] PlaneController - Request for live plane information
[INFO ] 2021-04-17 19:52:06.974 [http-nio-8080-exec-3] OpenSkyService - Returning 34 planes for live information
[INFO ] 2021-04-17 19:52:11.997 [http-nio-8080-exec-4] PlaneController - Request for live plane information
[INFO ] 2021-04-17 19:52:11.997 [http-nio-8080-exec-4] OpenSkyService - Returning 34 planes for live information
[INFO ] 2021-04-17 19:52:17.024 [http-nio-8080-exec-5] PlaneController - Request for live plane information
[INFO ] 2021-04-17 19:52:17.024 [http-nio-8080-exec-5] OpenSkyService - Returning 34 planes for live information
[INFO ] 2021-04-17 19:52:22.040 [http-nio-8080-exec-6] PlaneController - Request for live plane information
[INFO ] 2021-04-17 19:52:22.040 [http-nio-8080-exec-6] OpenSkyService - Returning 34 planes for live information
[INFO ] 2021-04-17 19:52:22.681 [scheduling-1] OpenSkyService - Success on calling the API
[INFO ] 2021-04-17 19:52:22.681 [scheduling-1] OpenSkyService - Updating information on 34 planes
[INFO ] 2021-04-17 19:52:22.685 [scheduling-1] OpenSkyService - Returning the stored information of 161 planes from the database
[INFO ] 2021-04-17 19:52:22.719 [scheduling-1] OpenSkyService - Returning the stored information of 162 planes from the database
[INFO ] 2021-04-17 19:52:22.719 [scheduling-1] OpenSkyService - Updating the database: 1 new planes entering the region
[INFO ] 2021-04-17 19:52:22.719 [scheduling-1] OpenSkyService - Calling External API
[INFO ] 2021-04-17 19:52:24.894 [scheduling-1] OpenSkyService - Success on calling the API
[INFO ] 2021-04-17 19:52:24.894 [scheduling-1] OpenSkyService - Updating information on 34 planes
[INFO ] 2021-04-17 19:52:24.898 [scheduling-1] OpenSkyService - Returning the stored information of 162 planes from the database
[INFO ] 2021-04-17 19:52:24.914 [scheduling-1] OpenSkyService - Returning the stored information of 162 planes from the database
[INFO ] 2021-04-17 19:52:24.915 [scheduling-1] OpenSkyService - Updating the database: 0 new planes entering the region
[INFO ] 2021-04-17 19:52:24.915 [scheduling-1] OpenSkyService - Calling External API
[INFO ] 2021-04-17 19:52:27.064 [http-nio-8080-exec-7] PlaneController - Request for live plane information
[INFO ] 2021-04-17 19:52:27.064 [http-nio-8080-exec-7] OpenSkyService - Returning 34 planes for live information
[INFO ] 2021-04-17 19:52:28.251 [restartedMain] ProjectbackendApplication - Starting ProjectbackendApplication using Java 15.0.2 on DESKTOP-SGTOE57 with PID 16376 (C:\Users\rafas\OneDrive\Área de Trabalho\TP_ES\open-sky-project\projectbackend\target\classes started by rafas in C:\Users\rafas\OneDrive\Área de Trabalho\TP_ES\open-sky-project\projectbackend)
[DEBUG] 2021-04-17 19:52:28.252 [restartedMain] ProjectbackendApplication - Running with Spring Boot v2.4.4, Spring v5.3.5
[INFO ] 2021-04-17 19:52:28.252 [restartedMain] ProjectbackendApplication - No active profile set, falling back to default profiles: default
[INFO ] 2021-04-17 19:52:28.922 [restartedMain] ProjectbackendApplication - Started ProjectbackendApplication in 0.786 seconds (JVM running for 252.942)
[INFO ] 2021-04-17 19:52:28.922 [scheduling-1] OpenSkyService - Calling External API
[INFO ] 2021-04-17 19:52:29.466 [scheduling-1] OpenSkyService - Success on calling the API
[INFO ] 2021-04-17 19:52:29.466 [scheduling-1] OpenSkyService - Updating information on 34 planes
[INFO ] 2021-04-17 19:52:29.473 [scheduling-1] OpenSkyService - Returning the stored information of 162 planes from the database
[INFO ] 2021-04-17 19:52:29.495 [scheduling-1] OpenSkyService - Returning the stored information of 162 planes from the database
[INFO ] 2021-04-17 19:52:29.495 [scheduling-1] OpenSkyService - Updating the database: 0 new planes entering the region
[INFO ] 2021-04-17 19:52:32.097 [http-nio-8080-exec-1] PlaneController - Request for live plane information
[INFO ] 2021-04-17 19:52:32.098 [http-nio-8080-exec-1] OpenSkyService - Returning 34 planes for live information
[INFO ] 2021-04-17 19:52:33.596 [restartedMain] ProjectbackendApplication - Starting ProjectbackendApplication using Java 15.0.2 on DESKTOP-SGTOE57 with PID 16376 (C:\Users\rafas\OneDrive\Área de Trabalho\TP_ES\open-sky-project\projectbackend\target\classes started by rafas in C:\Users\rafas\OneDrive\Área de Trabalho\TP_ES\open-sky-project\projectbackend)
[DEBUG] 2021-04-17 19:52:33.597 [restartedMain] ProjectbackendApplication - Running with Spring Boot v2.4.4, Spring v5.3.5
[INFO ] 2021-04-17 19:52:33.597 [restartedMain] ProjectbackendApplication - No active profile set, falling back to default profiles: default
[INFO ] 2021-04-17 19:52:34.178 [restartedMain] ProjectbackendApplication - Started ProjectbackendApplication in 0.656 seconds (JVM running for 258.197)
[INFO ] 2021-04-17 19:52:34.178 [scheduling-1] OpenSkyService - Calling External API
[INFO ] 2021-04-17 19:52:37.118 [http-nio-8080-exec-2] PlaneController - Request for live plane information
[INFO ] 2021-04-17 19:52:37.118 [http-nio-8080-exec-2] OpenSkyService - No live plane information
[INFO ] 2021-04-17 19:52:39.581 [scheduling-1] OpenSkyService - Success on calling the API
[INFO ] 2021-04-17 19:52:39.581 [scheduling-1] OpenSkyService - Updating information on 33 planes
[INFO ] 2021-04-17 19:52:39.588 [scheduling-1] OpenSkyService - Returning the stored information of 162 planes from the database
[INFO ] 2021-04-17 19:52:39.627 [scheduling-1] OpenSkyService - Returning the stored information of 163 planes from the database
[INFO ] 2021-04-17 19:52:39.627 [scheduling-1] OpenSkyService - Updating the database: 1 new planes entering the region
[INFO ] 2021-04-17 19:52:39.627 [scheduling-1] OpenSkyService - Calling External API
[INFO ] 2021-04-17 19:52:42.131 [http-nio-8080-exec-1] PlaneController - Request for live plane information
[INFO ] 2021-04-17 19:52:42.131 [http-nio-8080-exec-1] OpenSkyService - Returning 33 planes for live information
[INFO ] 2021-04-17 19:52:47.161 [http-nio-8080-exec-3] PlaneController - Request for live plane information
[INFO ] 2021-04-17 19:52:47.161 [http-nio-8080-exec-3] OpenSkyService - Returning 33 planes for live information
[INFO ] 2021-04-17 19:52:48.898 [scheduling-1] OpenSkyService - Success on calling the API
[INFO ] 2021-04-17 19:52:48.898 [scheduling-1] OpenSkyService - Updating information on 32 planes
[INFO ] 2021-04-17 19:52:52.192 [http-nio-8080-exec-4] PlaneController - Request for live plane information
[INFO ] 2021-04-17 19:52:52.192 [http-nio-8080-exec-4] OpenSkyService - Returning 33 planes for live information
[INFO ] 2021-04-17 19:52:57.160 [restartedMain] ProjectbackendApplication - Starting ProjectbackendApplication using Java 15.0.2 on DESKTOP-SGTOE57 with PID 16376 (C:\Users\rafas\OneDrive\Área de Trabalho\TP_ES\open-sky-project\projectbackend\target\classes started by rafas in C:\Users\rafas\OneDrive\Área de Trabalho\TP_ES\open-sky-project\projectbackend)
[DEBUG] 2021-04-17 19:52:57.161 [restartedMain] ProjectbackendApplication - Running with Spring Boot v2.4.4, Spring v5.3.5
[INFO ] 2021-04-17 19:52:57.161 [restartedMain] ProjectbackendApplication - No active profile set, falling back to default profiles: default
[INFO ] 2021-04-17 19:52:57.712 [restartedMain] ProjectbackendApplication - Started ProjectbackendApplication in 0.623 seconds (JVM running for 281.732)
[INFO ] 2021-04-17 19:52:57.713 [scheduling-1] OpenSkyService - Calling External API
[INFO ] 2021-04-17 19:52:57.723 [http-nio-8080-exec-1] PlaneController - Request for live plane information
[INFO ] 2021-04-17 19:52:57.723 [http-nio-8080-exec-1] OpenSkyService - No live plane information
[INFO ] 2021-04-17 19:52:58.047 [scheduling-1] OpenSkyService - Success on calling the API
[INFO ] 2021-04-17 19:52:58.047 [scheduling-1] OpenSkyService - Updating information on 32 planes
[INFO ] 2021-04-17 19:52:58.092 [scheduling-1] OpenSkyService - Updating the database: 1 new planes entering the region
[INFO ] 2021-04-17 19:52:58.813 [scheduling-1] OpenSkyService - Success on calling the API
[INFO ] 2021-04-17 19:52:58.813 [scheduling-1] OpenSkyService - Updating information on 32 planes
[INFO ] 2021-04-17 19:53:02.726 [scheduling-1] OpenSkyService - Calling External API
[INFO ] 2021-04-17 19:53:02.746 [http-nio-8080-exec-2] PlaneController - Request for live plane information
[INFO ] 2021-04-17 19:53:02.747 [http-nio-8080-exec-2] OpenSkyService - Returning 32 planes for live information
[INFO ] 2021-04-17 19:53:04.524 [scheduling-1] OpenSkyService - Success on calling the API
[INFO ] 2021-04-17 19:53:04.525 [scheduling-1] OpenSkyService - Updating information on 34 planes
[INFO ] 2021-04-17 19:53:04.564 [scheduling-1] OpenSkyService - Updating the database: 2 new planes entering the region
[INFO ] 2021-04-17 19:53:07.722 [scheduling-1] OpenSkyService - Calling External API
[INFO ] 2021-04-17 19:53:07.772 [http-nio-8080-exec-3] PlaneController - Request for live plane information
[INFO ] 2021-04-17 19:53:07.773 [http-nio-8080-exec-3] OpenSkyService - Returning 34 planes for live information
[INFO ] 2021-04-17 19:53:09.062 [scheduling-1] OpenSkyService - Success on calling the API
[INFO ] 2021-04-17 19:53:09.062 [scheduling-1] OpenSkyService - Updating information on 34 planes
[INFO ] 2021-04-17 19:53:09.085 [scheduling-1] OpenSkyService - Updating the database: 0 new planes entering the region
[INFO ] 2021-04-17 19:53:12.721 [scheduling-1] OpenSkyService - Calling External API
[INFO ] 2021-04-17 19:53:12.806 [http-nio-8080-exec-4] PlaneController - Request for live plane information
[INFO ] 2021-04-17 19:53:12.806 [http-nio-8080-exec-4] OpenSkyService - Returning 34 planes for live information
[INFO ] 2021-04-17 19:53:17.152 [scheduling-1] OpenSkyService - Success on calling the API
[INFO ] 2021-04-17 19:53:17.152 [scheduling-1] OpenSkyService - Updating information on 35 planes
[INFO ] 2021-04-17 19:53:17.189 [scheduling-1] OpenSkyService - Updating the database: 0 new planes entering the region
[INFO ] 2021-04-17 19:53:17.715 [scheduling-1] OpenSkyService - Calling External API
[INFO ] 2021-04-17 19:53:17.829 [http-nio-8080-exec-6] PlaneController - Request for live plane information
[INFO ] 2021-04-17 19:53:17.829 [http-nio-8080-exec-6] OpenSkyService - Returning 35 planes for live information
[INFO ] 2021-04-17 19:53:22.853 [http-nio-8080-exec-5] PlaneController - Request for live plane information
[INFO ] 2021-04-17 19:53:22.853 [http-nio-8080-exec-5] OpenSkyService - Returning 35 planes for live information
[INFO ] 2021-04-17 19:53:27.884 [http-nio-8080-exec-7] PlaneController - Request for live plane information
[INFO ] 2021-04-17 19:53:27.884 [http-nio-8080-exec-7] OpenSkyService - Returning 35 planes for live information
[INFO ] 2021-04-17 19:53:30.260 [scheduling-1] OpenSkyService - Success on calling the API
[INFO ] 2021-04-17 19:53:30.260 [scheduling-1] OpenSkyService - Updating information on 34 planes
[INFO ] 2021-04-17 19:53:30.295 [scheduling-1] OpenSkyService - Updating the database: 0 new planes entering the region
[INFO ] 2021-04-17 19:53:30.295 [scheduling-1] OpenSkyService - Calling External API
[INFO ] 2021-04-17 19:53:32.910 [http-nio-8080-exec-8] PlaneController - Request for live plane information
[INFO ] 2021-04-17 19:53:32.910 [http-nio-8080-exec-8] OpenSkyService - Returning 34 planes for live information
[INFO ] 2021-04-17 19:53:37.935 [http-nio-8080-exec-9] PlaneController - Request for live plane information
[INFO ] 2021-04-17 19:53:37.936 [http-nio-8080-exec-9] OpenSkyService - Returning 34 planes for live information
[INFO ] 2021-04-17 19:53:42.889 [scheduling-1] OpenSkyService - Success on calling the API
[INFO ] 2021-04-17 19:53:42.889 [scheduling-1] OpenSkyService - Updating information on 34 planes
[INFO ] 2021-04-17 19:53:42.924 [scheduling-1] OpenSkyService - Updating the database: 0 new planes entering the region
[INFO ] 2021-04-17 19:53:42.924 [scheduling-1] OpenSkyService - Calling External API
[INFO ] 2021-04-17 19:53:43.319 [http-nio-8080-exec-10] PlaneController - Request for live plane information
[INFO ] 2021-04-17 19:53:43.319 [http-nio-8080-exec-10] OpenSkyService - Returning 34 planes for live information
[INFO ] 2021-04-17 19:53:49.319 [http-nio-8080-exec-1] PlaneController - Request for live plane information
[INFO ] 2021-04-17 19:53:49.319 [http-nio-8080-exec-1] OpenSkyService - Returning 34 planes for live information
[INFO ] 2021-04-17 19:53:55.324 [http-nio-8080-exec-2] PlaneController - Request for live plane information
[INFO ] 2021-04-17 19:53:55.325 [http-nio-8080-exec-2] OpenSkyService - Returning 34 planes for live information
[INFO ] 2021-04-17 19:54:01.262 [scheduling-1] OpenSkyService - Success on calling the API
[INFO ] 2021-04-17 19:54:01.263 [scheduling-1] OpenSkyService - Updating information on 36 planes
[INFO ] 2021-04-17 19:54:01.301 [scheduling-1] OpenSkyService - Updating the database: 2 new planes entering the region
[INFO ] 2021-04-17 19:54:01.301 [scheduling-1] OpenSkyService - Calling External API
[INFO ] 2021-04-17 19:54:01.320 [http-nio-8080-exec-4] PlaneController - Request for live plane information
[INFO ] 2021-04-17 19:54:01.320 [http-nio-8080-exec-4] OpenSkyService - Returning 36 planes for live information
[INFO ] 2021-04-17 19:54:01.483 [scheduling-1] OpenSkyService - Success on calling the API
[INFO ] 2021-04-17 19:54:01.483 [scheduling-1] OpenSkyService - Updating information on 36 planes
[INFO ] 2021-04-17 19:54:01.520 [scheduling-1] OpenSkyService - Updating the database: 1 new planes entering the region
[INFO ] 2021-04-17 19:54:01.520 [scheduling-1] OpenSkyService - Calling External API
[INFO ] 2021-04-17 19:54:01.643 [scheduling-1] OpenSkyService - Success on calling the API
[INFO ] 2021-04-17 19:54:01.643 [scheduling-1] OpenSkyService - Updating information on 36 planes
[INFO ] 2021-04-17 19:54:01.665 [scheduling-1] OpenSkyService - Updating the database: 0 new planes entering the region
[INFO ] 2021-04-17 19:54:01.665 [scheduling-1] OpenSkyService - Calling External API
[INFO ] 2021-04-17 19:54:01.938 [scheduling-1] OpenSkyService - Success on calling the API
[INFO ] 2021-04-17 19:54:01.939 [scheduling-1] OpenSkyService - Updating information on 36 planes
[INFO ] 2021-04-17 19:54:01.964 [scheduling-1] OpenSkyService - Updating the database: 0 new planes entering the region
[INFO ] 2021-04-17 19:54:01.964 [scheduling-1] OpenSkyService - Calling External API
[INFO ] 2021-04-17 19:54:02.532 [scheduling-1] OpenSkyService - Success on calling the API
[INFO ] 2021-04-17 19:54:02.532 [scheduling-1] OpenSkyService - Updating information on 36 planes
[INFO ] 2021-04-17 19:54:02.560 [scheduling-1] OpenSkyService - Updating the database: 0 new planes entering the region
[INFO ] 2021-04-17 19:54:02.560 [scheduling-1] OpenSkyService - Calling External API
[INFO ] 2021-04-17 19:54:03.295 [scheduling-1] OpenSkyService - Success on calling the API
[INFO ] 2021-04-17 19:54:03.295 [scheduling-1] OpenSkyService - Updating information on 36 planes
[INFO ] 2021-04-17 19:54:03.317 [scheduling-1] OpenSkyService - Updating the database: 0 new planes entering the region
[INFO ] 2021-04-17 19:54:03.317 [scheduling-1] OpenSkyService - Calling External API
[INFO ] 2021-04-17 19:54:03.667 [scheduling-1] OpenSkyService - Success on calling the API
[INFO ] 2021-04-17 19:54:03.667 [scheduling-1] OpenSkyService - Updating information on 36 planes
[INFO ] 2021-04-17 19:54:03.691 [scheduling-1] OpenSkyService - Updating the database: 0 new planes entering the region
[INFO ] 2021-04-17 19:54:03.691 [scheduling-1] OpenSkyService - Calling External API
[INFO ] 2021-04-17 19:54:04.874 [scheduling-1] OpenSkyService - Success on calling the API
[INFO ] 2021-04-17 19:54:04.874 [scheduling-1] OpenSkyService - Updating information on 36 planes
[INFO ] 2021-04-17 19:54:04.899 [scheduling-1] OpenSkyService - Updating the database: 0 new planes entering the region
[INFO ] 2021-04-17 19:54:07.312 [http-nio-8080-exec-6] PlaneController - Request for live plane information
[INFO ] 2021-04-17 19:54:07.312 [http-nio-8080-exec-6] OpenSkyService - Returning 36 planes for live information
[INFO ] 2021-04-17 19:54:07.726 [scheduling-1] OpenSkyService - Calling External API
[INFO ] 2021-04-17 19:54:13.321 [http-nio-8080-exec-5] PlaneController - Request for live plane information
[INFO ] 2021-04-17 19:54:13.321 [http-nio-8080-exec-5] OpenSkyService - Returning 36 planes for live information
[INFO ] 2021-04-17 19:54:14.517 [scheduling-1] OpenSkyService - Success on calling the API
[INFO ] 2021-04-17 19:54:14.517 [scheduling-1] OpenSkyService - Updating information on 34 planes
[INFO ] 2021-04-17 19:54:14.551 [scheduling-1] OpenSkyService - Updating the database: 0 new planes entering the region
[INFO ] 2021-04-17 19:54:14.551 [scheduling-1] OpenSkyService - Calling External API
[INFO ] 2021-04-17 19:54:19.317 [http-nio-8080-exec-7] PlaneController - Request for live plane information
[INFO ] 2021-04-17 19:54:19.317 [http-nio-8080-exec-7] OpenSkyService - Returning 34 planes for live information
[INFO ] 2021-04-17 19:54:21.105 [scheduling-1] OpenSkyService - Success on calling the API
[INFO ] 2021-04-17 19:54:21.105 [scheduling-1] OpenSkyService - Updating information on 33 planes
[INFO ] 2021-04-17 19:54:21.140 [scheduling-1] OpenSkyService - Updating the database: 0 new planes entering the region
[INFO ] 2021-04-17 19:54:21.140 [scheduling-1] OpenSkyService - Calling External API
[INFO ] 2021-04-17 19:54:21.247 [scheduling-1] OpenSkyService - Success on calling the API
[INFO ] 2021-04-17 19:54:21.247 [scheduling-1] OpenSkyService - Updating information on 33 planes
[INFO ] 2021-04-17 19:54:21.269 [scheduling-1] OpenSkyService - Updating the database: 0 new planes entering the region
[INFO ] 2021-04-17 19:54:22.728 [scheduling-1] OpenSkyService - Calling External API
[INFO ] 2021-04-17 19:54:25.316 [http-nio-8080-exec-8] PlaneController - Request for live plane information
[INFO ] 2021-04-17 19:54:25.317 [http-nio-8080-exec-8] OpenSkyService - Returning 33 planes for live information
[INFO ] 2021-04-17 19:54:26.476 [scheduling-1] OpenSkyService - Success on calling the API
[INFO ] 2021-04-17 19:54:26.476 [scheduling-1] OpenSkyService - Updating information on 33 planes
[INFO ] 2021-04-17 19:54:26.497 [scheduling-1] OpenSkyService - Updating the database: 0 new planes entering the region
[INFO ] 2021-04-17 19:54:27.715 [scheduling-1] OpenSkyService - Calling External API
[INFO ] 2021-04-17 19:54:28.561 [scheduling-1] OpenSkyService - Success on calling the API
[INFO ] 2021-04-17 19:54:28.561 [scheduling-1] OpenSkyService - Updating information on 33 planes
[INFO ] 2021-04-17 19:54:28.582 [scheduling-1] OpenSkyService - Updating the database: 0 new planes entering the region
[INFO ] 2021-04-17 19:54:31.311 [http-nio-8080-exec-9] PlaneController - Request for live plane information
[INFO ] 2021-04-17 19:54:31.311 [http-nio-8080-exec-9] OpenSkyService - Returning 33 planes for live information
[INFO ] 2021-04-17 19:54:32.721 [scheduling-1] OpenSkyService - Calling External API
[INFO ] 2021-04-17 19:54:33.146 [scheduling-1] OpenSkyService - Success on calling the API
[INFO ] 2021-04-17 19:54:33.146 [scheduling-1] OpenSkyService - Updating information on 32 planes
[INFO ] 2021-04-17 19:54:33.183 [scheduling-1] OpenSkyService - Updating the database: 1 new planes entering the region
[INFO ] 2021-04-17 19:54:37.312 [http-nio-8080-exec-10] PlaneController - Request for live plane information
[INFO ] 2021-04-17 19:54:37.312 [http-nio-8080-exec-10] OpenSkyService - Returning 32 planes for live information
[INFO ] 2021-04-17 19:54:37.714 [scheduling-1] OpenSkyService - Calling External API
[INFO ] 2021-04-17 19:54:39.326 [scheduling-1] OpenSkyService - Success on calling the API
[INFO ] 2021-04-17 19:54:39.326 [scheduling-1] OpenSkyService - Updating information on 32 planes
[INFO ] 2021-04-17 19:54:39.346 [scheduling-1] OpenSkyService - Updating the database: 0 new planes entering the region
[INFO ] 2021-04-17 19:54:42.721 [scheduling-1] OpenSkyService - Calling External API
[INFO ] 2021-04-17 19:54:43.321 [http-nio-8080-exec-1] PlaneController - Request for live plane information
[INFO ] 2021-04-17 19:54:43.321 [http-nio-8080-exec-1] OpenSkyService - Returning 32 planes for live information
[INFO ] 2021-04-17 19:54:46.226 [scheduling-1] OpenSkyService - Success on calling the API
[INFO ] 2021-04-17 19:54:46.226 [scheduling-1] OpenSkyService - Updating information on 32 planes
[INFO ] 2021-04-17 19:54:46.259 [scheduling-1] OpenSkyService - Updating the database: 1 new planes entering the region
[INFO ] 2021-04-17 19:54:47.728 [scheduling-1] OpenSkyService - Calling External API
[INFO ] 2021-04-17 19:54:48.610 [scheduling-1] OpenSkyService - Success on calling the API
[INFO ] 2021-04-17 19:54:48.610 [scheduling-1] OpenSkyService - Updating information on 32 planes
[INFO ] 2021-04-17 19:54:48.630 [scheduling-1] OpenSkyService - Updating the database: 0 new planes entering the region
[INFO ] 2021-04-17 19:54:49.317 [http-nio-8080-exec-2] PlaneController - Request for live plane information
[INFO ] 2021-04-17 19:54:49.317 [http-nio-8080-exec-2] OpenSkyService - Returning 32 planes for live information
[INFO ] 2021-04-17 19:54:52.719 [scheduling-1] OpenSkyService - Calling External API
[INFO ] 2021-04-17 19:54:55.318 [http-nio-8080-exec-3] PlaneController - Request for live plane information
[INFO ] 2021-04-17 19:54:55.318 [http-nio-8080-exec-3] OpenSkyService - Returning 32 planes for live information
[INFO ] 2021-04-17 19:55:01.324 [http-nio-8080-exec-4] PlaneController - Request for live plane information
[INFO ] 2021-04-17 19:55:01.324 [http-nio-8080-exec-4] OpenSkyService - Returning 32 planes for live information
[INFO ] 2021-04-17 19:55:07.319 [http-nio-8080-exec-6] PlaneController - Request for live plane information
[INFO ] 2021-04-17 19:55:07.319 [http-nio-8080-exec-6] OpenSkyService - Returning 32 planes for live information
[INFO ] 2021-04-17 19:55:08.400 [scheduling-1] OpenSkyService - Success on calling the API
[INFO ] 2021-04-17 19:55:08.400 [scheduling-1] OpenSkyService - Updating information on 31 planes
[INFO ] 2021-04-17 19:55:08.436 [scheduling-1] OpenSkyService - Updating the database: 0 new planes entering the region
[INFO ] 2021-04-17 19:55:08.436 [scheduling-1] OpenSkyService - Calling External API
[INFO ] 2021-04-17 19:55:09.016 [scheduling-1] OpenSkyService - Success on calling the API
[INFO ] 2021-04-17 19:55:09.016 [scheduling-1] OpenSkyService - Updating information on 31 planes
[INFO ] 2021-04-17 19:55:09.036 [scheduling-1] OpenSkyService - Updating the database: 0 new planes entering the region
[INFO ] 2021-04-17 19:55:09.036 [scheduling-1] OpenSkyService - Calling External API
[INFO ] 2021-04-17 19:55:10.610 [scheduling-1] OpenSkyService - Success on calling the API
[INFO ] 2021-04-17 19:55:10.610 [scheduling-1] OpenSkyService - Updating information on 32 planes
[INFO ] 2021-04-17 19:55:10.647 [scheduling-1] OpenSkyService - Updating the database: 2 new planes entering the region
[INFO ] 2021-04-17 19:55:10.647 [scheduling-1] OpenSkyService - Calling External API
[INFO ] 2021-04-17 19:55:13.313 [http-nio-8080-exec-5] PlaneController - Request for live plane information
[INFO ] 2021-04-17 19:55:13.313 [http-nio-8080-exec-5] OpenSkyService - Returning 32 planes for live information
[INFO ] 2021-04-17 19:55:19.311 [http-nio-8080-exec-7] PlaneController - Request for live plane information
[INFO ] 2021-04-17 19:55:19.311 [http-nio-8080-exec-7] OpenSkyService - Returning 32 planes for live information
[INFO ] 2021-04-17 19:55:25.326 [http-nio-8080-exec-8] PlaneController - Request for live plane information
[INFO ] 2021-04-17 19:55:25.326 [http-nio-8080-exec-8] OpenSkyService - Returning 32 planes for live information
[INFO ] 2021-04-17 19:55:29.246 [scheduling-1] OpenSkyService - Success on calling the API
[INFO ] 2021-04-17 19:55:29.246 [scheduling-1] OpenSkyService - Updating information on 31 planes
[INFO ] 2021-04-17 19:55:29.280 [scheduling-1] OpenSkyService - Updating the database: 0 new planes entering the region
[INFO ] 2021-04-17 19:55:29.280 [scheduling-1] OpenSkyService - Calling External API
[INFO ] 2021-04-17 19:55:31.315 [http-nio-8080-exec-9] PlaneController - Request for live plane information
[INFO ] 2021-04-17 19:55:31.315 [http-nio-8080-exec-9] OpenSkyService - Returning 31 planes for live information
[INFO ] 2021-04-17 19:55:32.238 [scheduling-1] OpenSkyService - Success on calling the API
[INFO ] 2021-04-17 19:55:32.238 [scheduling-1] OpenSkyService - Updating information on 30 planes
[INFO ] 2021-04-17 19:55:32.273 [scheduling-1] OpenSkyService - Updating the database: 1 new planes entering the region
[INFO ] 2021-04-17 19:55:32.274 [scheduling-1] OpenSkyService - Calling External API
[INFO ] 2021-04-17 19:55:32.388 [scheduling-1] OpenSkyService - Success on calling the API
[INFO ] 2021-04-17 19:55:32.388 [scheduling-1] OpenSkyService - Updating information on 30 planes
[INFO ] 2021-04-17 19:55:32.408 [scheduling-1] OpenSkyService - Updating the database: 0 new planes entering the region
[INFO ] 2021-04-17 19:55:32.408 [scheduling-1] OpenSkyService - Calling External API
[INFO ] 2021-04-17 19:55:37.224 [scheduling-1] OpenSkyService - Success on calling the API
[INFO ] 2021-04-17 19:55:37.224 [scheduling-1] OpenSkyService - Updating information on 30 planes
[INFO ] 2021-04-17 19:55:37.244 [scheduling-1] OpenSkyService - Updating the database: 0 new planes entering the region
[INFO ] 2021-04-17 19:55:37.244 [scheduling-1] OpenSkyService - Calling External API
[INFO ] 2021-04-17 19:55:37.318 [http-nio-8080-exec-10] PlaneController - Request for live plane information
[INFO ] 2021-04-17 19:55:37.318 [http-nio-8080-exec-10] OpenSkyService - Returning 30 planes for live information
[INFO ] 2021-04-17 19:55:41.001 [scheduling-1] OpenSkyService - Success on calling the API
[INFO ] 2021-04-17 19:55:41.001 [scheduling-1] OpenSkyService - Updating information on 30 planes
[INFO ] 2021-04-17 19:55:41.036 [scheduling-1] OpenSkyService - Updating the database: 0 new planes entering the region
[INFO ] 2021-04-17 19:55:41.036 [scheduling-1] OpenSkyService - Calling External API
[INFO ] 2021-04-17 19:55:43.309 [http-nio-8080-exec-1] PlaneController - Request for live plane information
[INFO ] 2021-04-17 19:55:43.309 [http-nio-8080-exec-1] OpenSkyService - Returning 30 planes for live information
[INFO ] 2021-04-17 19:55:48.363 [http-nio-8080-exec-2] PlaneController - Request for live plane information
[INFO ] 2021-04-17 19:55:48.363 [http-nio-8080-exec-2] OpenSkyService - Returning 30 planes for live information
[INFO ] 2021-04-17 19:55:49.453 [scheduling-1] OpenSkyService - Success on calling the API
[INFO ] 2021-04-17 19:55:49.453 [scheduling-1] OpenSkyService - Updating information on 30 planes
[INFO ] 2021-04-17 19:55:49.476 [scheduling-1] OpenSkyService - Updating the database: 0 new planes entering the region
[INFO ] 2021-04-17 19:55:49.476 [scheduling-1] OpenSkyService - Calling External API
[INFO ] 2021-04-17 19:55:52.434 [http-nio-8080-exec-3] PlaneController - Request for altitude history
[INFO ] 2021-04-17 19:55:52.439 [http-nio-8080-exec-3] OpenSkyService - Returning the stored information of 174 planes from the database
[INFO ] 2021-04-17 19:55:52.953 [scheduling-1] OpenSkyService - Success on calling the API
[INFO ] 2021-04-17 19:55:52.953 [scheduling-1] OpenSkyService - Updating information on 30 planes
[INFO ] 2021-04-17 19:55:52.985 [scheduling-1] OpenSkyService - Updating the database: 0 new planes entering the region
[INFO ] 2021-04-17 19:55:52.985 [scheduling-1] OpenSkyService - Calling External API
[INFO ] 2021-04-17 19:55:54.406 [http-nio-8080-exec-4] PlaneController - Request for live plane information
[INFO ] 2021-04-17 19:55:54.407 [http-nio-8080-exec-4] OpenSkyService - Returning 30 planes for live information
[INFO ] 2021-04-17 19:55:56.844 [scheduling-1] OpenSkyService - Success on calling the API
[INFO ] 2021-04-17 19:55:56.844 [scheduling-1] OpenSkyService - Updating information on 30 planes
[INFO ] 2021-04-17 19:55:56.872 [scheduling-1] OpenSkyService - Updating the database: 0 new planes entering the region
[INFO ] 2021-04-17 19:55:56.872 [scheduling-1] OpenSkyService - Calling External API
[INFO ] 2021-04-17 19:55:59.470 [http-nio-8080-exec-5] PlaneController - Request for live plane information
[INFO ] 2021-04-17 19:55:59.470 [http-nio-8080-exec-5] OpenSkyService - Returning 30 planes for live information
[INFO ] 2021-04-17 19:55:59.881 [scheduling-1] OpenSkyService - Success on calling the API
[INFO ] 2021-04-17 19:55:59.881 [scheduling-1] OpenSkyService - Updating information on 33 planes
[INFO ] 2021-04-17 19:55:59.914 [scheduling-1] OpenSkyService - Updating the database: 3 new planes entering the region
[INFO ] 2021-04-17 19:55:59.914 [scheduling-1] OpenSkyService - Calling External API
[INFO ] 2021-04-17 19:56:01.711 [scheduling-1] OpenSkyService - Success on calling the API
[INFO ] 2021-04-17 19:56:01.711 [scheduling-1] OpenSkyService - Updating information on 33 planes
[INFO ] 2021-04-17 19:56:01.743 [scheduling-1] OpenSkyService - Updating the database: 0 new planes entering the region
[INFO ] 2021-04-17 19:56:01.743 [scheduling-1] OpenSkyService - Calling External API
[INFO ] 2021-04-17 19:56:04.516 [http-nio-8080-exec-7] PlaneController - Request for live plane information
[INFO ] 2021-04-17 19:56:04.516 [http-nio-8080-exec-7] OpenSkyService - Returning 33 planes for live information
[INFO ] 2021-04-17 19:56:05.615 [scheduling-1] OpenSkyService - Success on calling the API
[INFO ] 2021-04-17 19:56:05.615 [scheduling-1] OpenSkyService - Updating information on 33 planes
[INFO ] 2021-04-17 19:56:05.636 [scheduling-1] OpenSkyService - Updating the database: 0 new planes entering the region
[INFO ] 2021-04-17 19:56:05.636 [scheduling-1] OpenSkyService - Calling External API
[INFO ] 2021-04-17 19:56:06.782 [scheduling-1] OpenSkyService - Success on calling the API
[INFO ] 2021-04-17 19:56:06.782 [scheduling-1] OpenSkyService - Updating information on 33 planes
[INFO ] 2021-04-17 19:56:06.803 [scheduling-1] OpenSkyService - Updating the database: 0 new planes entering the region
[INFO ] 2021-04-17 19:56:07.723 [scheduling-1] OpenSkyService - Calling External API
[INFO ] 2021-04-17 19:56:09.561 [http-nio-8080-exec-9] PlaneController - Request for live plane information
[INFO ] 2021-04-17 19:56:09.561 [http-nio-8080-exec-9] OpenSkyService - Returning 33 planes for live information
[INFO ] 2021-04-17 19:56:14.386 [scheduling-1] OpenSkyService - Success on calling the API
[INFO ] 2021-04-17 19:56:14.386 [scheduling-1] OpenSkyService - Updating information on 33 planes
[INFO ] 2021-04-17 19:56:14.421 [scheduling-1] OpenSkyService - Updating the database: 0 new planes entering the region
[INFO ] 2021-04-17 19:56:14.421 [scheduling-1] OpenSkyService - Calling External API
[INFO ] 2021-04-17 19:56:15.314 [http-nio-8080-exec-10] PlaneController - Request for live plane information
[INFO ] 2021-04-17 19:56:15.315 [http-nio-8080-exec-10] OpenSkyService - Returning 33 planes for live information
[INFO ] 2021-04-17 19:56:16.388 [scheduling-1] OpenSkyService - Success on calling the API
[INFO ] 2021-04-17 19:56:16.388 [scheduling-1] OpenSkyService - Updating information on 33 planes
[INFO ] 2021-04-17 19:56:16.407 [scheduling-1] OpenSkyService - Updating the database: 0 new planes entering the region
[INFO ] 2021-04-17 19:56:17.716 [scheduling-1] OpenSkyService - Calling External API
[INFO ] 2021-04-22 15:55:32.941 [restartedMain] ProjectbackendApplication - Starting ProjectbackendApplication using Java 15.0.2 on DESKTOP-SGTOE57 with PID 22588 (C:\Users\rafas\OneDrive\Área de Trabalho\TP_ES\open-sky-project\projectbackend\target\classes started by rafas in C:\Users\rafas\OneDrive\Área de Trabalho\TP_ES\open-sky-project\projectbackend)
[DEBUG] 2021-04-22 15:55:32.954 [restartedMain] ProjectbackendApplication - Running with Spring Boot v2.4.4, Spring v5.3.5
[INFO ] 2021-04-22 15:55:32.954 [restartedMain] ProjectbackendApplication - No active profile set, falling back to default profiles: default
[INFO ] 2021-04-22 15:55:39.144 [scheduling-1] OpenSkyService - Calling External API
[INFO ] 2021-04-22 15:55:39.148 [restartedMain] ProjectbackendApplication - Started ProjectbackendApplication in 6.825 seconds (JVM running for 9.542)
[INFO ] 2021-04-22 15:55:49.620 [scheduling-1] OpenSkyService - Success on calling the API
[INFO ] 2021-04-22 15:55:49.620 [scheduling-1] OpenSkyService - Updating information on 19 planes
[INFO ] 2021-04-22 15:55:49.988 [scheduling-1] OpenSkyService - Updating the database: 14 new planes entering the region
[INFO ] 2021-04-22 15:55:49.988 [scheduling-1] OpenSkyService - Calling External API
[INFO ] 2021-04-22 15:55:50.724 [scheduling-1] OpenSkyService - Success on calling the API
[INFO ] 2021-04-22 15:55:50.725 [scheduling-1] OpenSkyService - Updating information on 19 planes
[INFO ] 2021-04-22 15:55:50.765 [scheduling-1] OpenSkyService - Updating the database: 0 new planes entering the region
[INFO ] 2021-04-22 15:55:50.765 [scheduling-1] OpenSkyService - Calling External API
[INFO ] 2021-04-22 15:55:53.904 [scheduling-1] OpenSkyService - Success on calling the API
[INFO ] 2021-04-22 15:55:53.904 [scheduling-1] OpenSkyService - Updating information on 19 planes
[INFO ] 2021-04-22 15:55:53.962 [scheduling-1] OpenSkyService - Updating the database: 0 new planes entering the region
[INFO ] 2021-04-22 15:55:54.144 [scheduling-1] OpenSkyService - Calling External API
[INFO ] 2021-04-22 15:55:54.533 [scheduling-1] OpenSkyService - Success on calling the API
[INFO ] 2021-04-22 15:55:54.533 [scheduling-1] OpenSkyService - Updating information on 19 planes
[INFO ] 2021-04-22 15:55:54.578 [scheduling-1] OpenSkyService - Updating the database: 0 new planes entering the region
[INFO ] 2021-04-22 15:55:59.151 [scheduling-1] OpenSkyService - Calling External API
[INFO ] 2021-04-22 15:55:59.401 [scheduling-1] OpenSkyService - Success on calling the API
[INFO ] 2021-04-22 15:55:59.401 [scheduling-1] OpenSkyService - Updating information on 19 planes
[INFO ] 2021-04-22 15:55:59.431 [scheduling-1] OpenSkyService - Updating the database: 0 new planes entering the region
[INFO ] 2021-04-22 15:56:04.147 [scheduling-1] OpenSkyService - Calling External API
[INFO ] 2021-04-22 15:56:07.481 [scheduling-1] OpenSkyService - Success on calling the API
[INFO ] 2021-04-22 15:56:07.481 [scheduling-1] OpenSkyService - Updating information on 19 planes
[INFO ] 2021-04-22 15:56:07.528 [scheduling-1] OpenSkyService - Updating the database: 0 new planes entering the region
[INFO ] 2021-04-22 15:56:09.156 [scheduling-1] OpenSkyService - Calling External API
[INFO ] 2021-04-22 15:56:13.200 [scheduling-1] OpenSkyService - Success on calling the API
[INFO ] 2021-04-22 15:56:13.200 [scheduling-1] OpenSkyService - Updating information on 18 planes
[INFO ] 2021-04-22 15:56:13.245 [scheduling-1] OpenSkyService - Updating the database: 0 new planes entering the region
[INFO ] 2021-04-22 15:56:14.144 [scheduling-1] OpenSkyService - Calling External API
[INFO ] 2021-04-22 15:56:15.627 [scheduling-1] OpenSkyService - Success on calling the API
[INFO ] 2021-04-22 15:56:15.628 [scheduling-1] OpenSkyService - Updating information on 18 planes
[INFO ] 2021-04-22 15:56:15.656 [scheduling-1] OpenSkyService - Updating the database: 0 new planes entering the region
[INFO ] 2021-04-22 15:56:19.152 [scheduling-1] OpenSkyService - Calling External API
[INFO ] 2021-04-22 15:56:19.482 [scheduling-1] OpenSkyService - Success on calling the API
[INFO ] 2021-04-22 15:56:19.482 [scheduling-1] OpenSkyService - Updating information on 18 planes
[INFO ] 2021-04-22 15:56:19.511 [scheduling-1] OpenSkyService - Updating the database: 0 new planes entering the region
[INFO ] 2021-04-22 15:56:24.147 [scheduling-1] OpenSkyService - Calling External API
[INFO ] 2021-04-22 15:56:34.953 [scheduling-1] OpenSkyService - Success on calling the API
[INFO ] 2021-04-22 15:56:34.954 [scheduling-1] OpenSkyService - Updating information on 17 planes
[INFO ] 2021-04-22 15:56:34.992 [scheduling-1] OpenSkyService - Updating the database: 0 new planes entering the region
[INFO ] 2021-04-22 15:56:34.992 [scheduling-1] OpenSkyService - Calling External API
[INFO ] 2021-04-22 15:56:40.242 [scheduling-1] OpenSkyService - Success on calling the API
[INFO ] 2021-04-22 15:56:40.243 [scheduling-1] OpenSkyService - Updating information on 17 planes
[INFO ] 2021-04-22 15:56:40.280 [scheduling-1] OpenSkyService - Updating the database: 0 new planes entering the region
[INFO ] 2021-04-22 15:56:40.280 [scheduling-1] OpenSkyService - Calling External API
[INFO ] 2021-04-22 15:57:12.372 [scheduling-1] OpenSkyService - Success on calling the API
[INFO ] 2021-04-22 15:57:12.373 [scheduling-1] OpenSkyService - Updating information on 20 planes
[INFO ] 2021-04-22 15:57:12.425 [scheduling-1] OpenSkyService - Updating the database: 2 new planes entering the region
[INFO ] 2021-04-22 15:57:12.426 [scheduling-1] OpenSkyService - Calling External API
[INFO ] 2021-04-22 15:57:12.697 [scheduling-1] OpenSkyService - Success on calling the API
[INFO ] 2021-04-22 15:57:12.698 [scheduling-1] OpenSkyService - Updating information on 20 planes
[INFO ] 2021-04-22 15:57:12.724 [scheduling-1] OpenSkyService - Updating the database: 0 new planes entering the region
[INFO ] 2021-04-22 15:57:12.725 [scheduling-1] OpenSkyService - Calling External API
[INFO ] 2021-04-22 15:57:12.829 [scheduling-1] OpenSkyService - Success on calling the API
[INFO ] 2021-04-22 15:57:12.830 [scheduling-1] OpenSkyService - Updating information on 20 planes
[INFO ] 2021-04-22 15:57:12.860 [scheduling-1] OpenSkyService - Updating the database: 0 new planes entering the region
[INFO ] 2021-04-22 15:57:12.861 [scheduling-1] OpenSkyService - Calling External API
[INFO ] 2021-04-22 15:57:23.314 [scheduling-1] OpenSkyService - Success on calling the API
[INFO ] 2021-04-22 15:57:23.314 [scheduling-1] OpenSkyService - Updating information on 22 planes
[INFO ] 2021-04-22 15:57:23.357 [scheduling-1] OpenSkyService - Updating the database: 4 new planes entering the region
[INFO ] 2021-04-22 15:57:23.358 [scheduling-1] OpenSkyService - Calling External API
[INFO ] 2021-04-22 15:58:15.972 [scheduling-1] OpenSkyService - Success on calling the API
[INFO ] 2021-04-22 15:58:15.972 [scheduling-1] OpenSkyService - Updating information on 21 planes
[INFO ] 2021-04-22 15:58:16.019 [scheduling-1] OpenSkyService - Updating the database: 1 new planes entering the region
[INFO ] 2021-04-22 15:58:16.020 [scheduling-1] OpenSkyService - Calling External API
[INFO ] 2021-04-22 15:58:22.625 [scheduling-1] OpenSkyService - Success on calling the API
[INFO ] 2021-04-22 15:58:22.625 [scheduling-1] OpenSkyService - Updating information on 21 planes
[INFO ] 2021-04-22 15:58:22.671 [scheduling-1] OpenSkyService - Updating the database: 0 new planes entering the region
[INFO ] 2021-04-22 15:58:22.671 [scheduling-1] OpenSkyService - Calling External API
[INFO ] 2021-04-22 15:58:23.409 [scheduling-1] OpenSkyService - Success on calling the API
[INFO ] 2021-04-22 15:58:23.409 [scheduling-1] OpenSkyService - Updating information on 21 planes
[INFO ] 2021-04-22 15:58:23.433 [scheduling-1] OpenSkyService - Updating the database: 0 new planes entering the region
[INFO ] 2021-04-22 15:58:23.433 [scheduling-1] OpenSkyService - Calling External API
[INFO ] 2021-04-22 15:58:35.677 [scheduling-1] OpenSkyService - Success on calling the API
[INFO ] 2021-04-22 15:58:35.677 [scheduling-1] OpenSkyService - Updating information on 20 planes
[INFO ] 2021-04-22 15:58:35.720 [scheduling-1] OpenSkyService - Updating the database: 0 new planes entering the region
[INFO ] 2021-04-22 15:58:35.720 [scheduling-1] OpenSkyService - Calling External API
[INFO ] 2021-04-22 15:58:53.385 [scheduling-1] OpenSkyService - Success on calling the API
[INFO ] 2021-04-22 15:58:53.385 [scheduling-1] OpenSkyService - Updating information on 19 planes
[INFO ] 2021-04-22 15:58:53.424 [scheduling-1] OpenSkyService - Updating the database: 0 new planes entering the region
[INFO ] 2021-04-22 15:58:53.424 [scheduling-1] OpenSkyService - Calling External API
[INFO ] 2021-04-22 15:58:59.209 [scheduling-1] OpenSkyService - Success on calling the API
[INFO ] 2021-04-22 15:58:59.209 [scheduling-1] OpenSkyService - Updating information on 19 planes
[INFO ] 2021-04-22 15:58:59.235 [scheduling-1] OpenSkyService - Updating the database: 0 new planes entering the region
[INFO ] 2021-04-22 15:58:59.236 [scheduling-1] OpenSkyService - Calling External API
[INFO ] 2021-04-22 15:59:14.356 [scheduling-1] OpenSkyService - Success on calling the API
[INFO ] 2021-04-22 15:59:14.356 [scheduling-1] OpenSkyService - Updating information on 22 planes
[INFO ] 2021-04-22 15:59:14.400 [scheduling-1] OpenSkyService - Updating the database: 3 new planes entering the region
[INFO ] 2021-04-22 15:59:14.400 [scheduling-1] OpenSkyService - Calling External API
[INFO ] 2021-04-22 15:59:38.435 [scheduling-1] OpenSkyService - Success on calling the API
[INFO ] 2021-04-22 15:59:38.435 [scheduling-1] OpenSkyService - Updating information on 24 planes
[INFO ] 2021-04-22 15:59:38.478 [scheduling-1] OpenSkyService - Updating the database: 2 new planes entering the region
[INFO ] 2021-04-22 15:59:38.478 [scheduling-1] OpenSkyService - Calling External API
[INFO ] 2021-04-22 15:59:38.578 [scheduling-1] OpenSkyService - Success on calling the API
[INFO ] 2021-04-22 15:59:38.578 [scheduling-1] OpenSkyService - Updating information on 24 planes
[INFO ] 2021-04-22 15:59:38.609 [scheduling-1] OpenSkyService - Updating the database: 0 new planes entering the region
[INFO ] 2021-04-22 15:59:38.610 [scheduling-1] OpenSkyService - Calling External API
[INFO ] 2021-04-22 15:59:38.836 [scheduling-1] OpenSkyService - Success on calling the API
[INFO ] 2021-04-22 15:59:38.836 [scheduling-1] OpenSkyService - Updating information on 24 planes
[INFO ] 2021-04-22 15:59:38.861 [scheduling-1] OpenSkyService - Updating the database: 0 new planes entering the region
[INFO ] 2021-04-22 15:59:38.861 [scheduling-1] OpenSkyService - Calling External API
[INFO ] 2021-04-22 15:59:39.961 [scheduling-1] OpenSkyService - Success on calling the API
[INFO ] 2021-04-22 15:59:39.961 [scheduling-1] OpenSkyService - Updating information on 24 planes
[INFO ] 2021-04-22 15:59:39.987 [scheduling-1] OpenSkyService - Updating the database: 0 new planes entering the region
[INFO ] 2021-04-22 15:59:39.987 [scheduling-1] OpenSkyService - Calling External API
[INFO ] 2021-04-22 15:59:40.877 [scheduling-1] OpenSkyService - Success on calling the API
[INFO ] 2021-04-22 15:59:40.877 [scheduling-1] OpenSkyService - Updating information on 24 planes
[INFO ] 2021-04-22 15:59:40.927 [scheduling-1] OpenSkyService - Updating the database: 0 new planes entering the region
[INFO ] 2021-04-22 15:59:40.927 [scheduling-1] OpenSkyService - Calling External API
[INFO ] 2021-04-22 15:59:41.194 [scheduling-1] OpenSkyService - Success on calling the API
[INFO ] 2021-04-22 15:59:41.194 [scheduling-1] OpenSkyService - Updating information on 24 planes
[INFO ] 2021-04-22 15:59:41.221 [scheduling-1] OpenSkyService - Updating the database: 0 new planes entering the region
[INFO ] 2021-04-22 15:59:41.221 [scheduling-1] OpenSkyService - Calling External API
[INFO ] 2021-04-22 15:59:42.009 [scheduling-1] OpenSkyService - Success on calling the API
[INFO ] 2021-04-22 15:59:42.009 [scheduling-1] OpenSkyService - Updating information on 24 planes
[INFO ] 2021-04-22 15:59:42.032 [scheduling-1] OpenSkyService - Updating the database: 0 new planes entering the region
[INFO ] 2021-04-22 15:59:42.033 [scheduling-1] OpenSkyService - Calling External API
[INFO ] 2021-04-22 15:59:42.717 [scheduling-1] OpenSkyService - Success on calling the API
[INFO ] 2021-04-22 15:59:42.718 [scheduling-1] OpenSkyService - Updating information on 24 planes
[INFO ] 2021-04-22 15:59:42.746 [scheduling-1] OpenSkyService - Updating the database: 0 new planes entering the region
[INFO ] 2021-04-22 15:59:42.746 [scheduling-1] OpenSkyService - Calling External API
[INFO ] 2021-04-22 15:59:58.716 [scheduling-1] OpenSkyService - Success on calling the API
[INFO ] 2021-04-22 15:59:58.717 [scheduling-1] OpenSkyService - Updating information on 24 planes
[INFO ] 2021-04-22 15:59:58.758 [scheduling-1] OpenSkyService - Updating the database: 0 new planes entering the region
[INFO ] 2021-04-22 15:59:58.758 [scheduling-1] OpenSkyService - Calling External API
[INFO ] 2021-04-22 15:59:59.208 [scheduling-1] OpenSkyService - Success on calling the API
[INFO ] 2021-04-22 15:59:59.208 [scheduling-1] OpenSkyService - Updating information on 24 planes
[INFO ] 2021-04-22 15:59:59.234 [scheduling-1] OpenSkyService - Updating the database: 0 new planes entering the region
[INFO ] 2021-04-22 15:59:59.234 [scheduling-1] OpenSkyService - Calling External API
[INFO ] 2021-04-22 16:00:34.264 [scheduling-1] OpenSkyService - Success on calling the API
[INFO ] 2021-04-22 16:00:34.264 [scheduling-1] OpenSkyService - Updating information on 26 planes
[INFO ] 2021-04-22 16:00:34.311 [scheduling-1] OpenSkyService - Updating the database: 1 new planes entering the region
[INFO ] 2021-04-22 16:00:34.311 [scheduling-1] OpenSkyService - Calling External API
[INFO ] 2021-04-22 16:00:54.675 [scheduling-1] OpenSkyService - Success on calling the API
[INFO ] 2021-04-22 16:00:54.675 [scheduling-1] OpenSkyService - Updating information on 26 planes
[INFO ] 2021-04-22 16:18:00.903 [restartedMain] ProjectbackendApplication - Starting ProjectbackendApplication using Java 15.0.2 on DESKTOP-SGTOE57 with PID 31844 (C:\Users\rafas\OneDrive\Área de Trabalho\TP_ES\open-sky-project\projectbackend\target\classes started by rafas in C:\Users\rafas\OneDrive\Área de Trabalho\TP_ES\open-sky-project\projectbackend)
[DEBUG] 2021-04-22 16:18:00.923 [restartedMain] ProjectbackendApplication - Running with Spring Boot v2.4.4, Spring v5.3.5
[INFO ] 2021-04-22 16:18:00.924 [restartedMain] ProjectbackendApplication - No active profile set, falling back to default profiles: default
[INFO ] 2021-04-22 16:18:07.505 [scheduling-1] OpenSkyService - Calling External API
[INFO ] 2021-04-22 16:18:07.508 [restartedMain] ProjectbackendApplication - Started ProjectbackendApplication in 7.368 seconds (JVM running for 10.06)
[INFO ] 2021-04-22 16:18:09.588 [scheduling-1] OpenSkyService - Success on calling the API
[INFO ] 2021-04-22 16:18:09.588 [scheduling-1] OpenSkyService - Updating information on 27 planes
[INFO ] 2021-04-22 16:18:10.022 [scheduling-1] OpenSkyService - Updating the database: 11 new planes entering the region
[INFO ] 2021-04-22 16:19:10.200 [scheduling-1] OpenSkyService - Calling External API
[INFO ] 2021-04-22 16:19:37.481 [scheduling-1] OpenSkyService - Success on calling the API
[INFO ] 2021-04-22 16:19:37.481 [scheduling-1] OpenSkyService - Updating information on 24 planes
[INFO ] 2021-04-22 16:19:37.562 [scheduling-1] OpenSkyService - Updating the database: 3 new planes entering the region
[INFO ] 2021-04-22 16:26:17.531 [restartedMain] ProjectbackendApplication - Starting ProjectbackendApplication using Java 15.0.2 on DESKTOP-SGTOE57 with PID 9608 (C:\Users\rafas\OneDrive\Área de Trabalho\TP_ES\open-sky-project\projectbackend\target\classes started by rafas in C:\Users\rafas\OneDrive\Área de Trabalho\TP_ES\open-sky-project\projectbackend)
[DEBUG] 2021-04-22 16:26:17.549 [restartedMain] ProjectbackendApplication - Running with Spring Boot v2.4.4, Spring v5.3.5
[INFO ] 2021-04-22 16:26:17.550 [restartedMain] ProjectbackendApplication - No active profile set, falling back to default profiles: default
[INFO ] 2021-04-22 16:26:24.003 [scheduling-1] OpenSkyService - Calling External API
[INFO ] 2021-04-22 16:26:24.007 [restartedMain] ProjectbackendApplication - Started ProjectbackendApplication in 7.153 seconds (JVM running for 10.035)
[INFO ] 2021-04-22 16:26:34.167 [scheduling-1] OpenSkyService - Success on calling the API
[INFO ] 2021-04-22 16:26:34.167 [scheduling-1] OpenSkyService - Updating information on 26 planes
[INFO ] 2021-04-22 16:26:34.605 [scheduling-1] OpenSkyService - Updating the database: 13 new planes entering the region
[INFO ] 2021-04-25 16:39:40.997 [restartedMain] ProjectbackendApplication - Starting ProjectbackendApplication using Java 15.0.2 on DESKTOP-SGTOE57 with PID 2032 (C:\Users\rafas\OneDrive\Área de Trabalho\TP_ES\open-sky-project\projectbackend\target\classes started by rafas in C:\Users\rafas\OneDrive\Área de Trabalho\TP_ES\open-sky-project\projectbackend)
[DEBUG] 2021-04-25 16:39:41.010 [restartedMain] ProjectbackendApplication - Running with Spring Boot v2.4.4, Spring v5.3.5
[INFO ] 2021-04-25 16:39:41.011 [restartedMain] ProjectbackendApplication - No active profile set, falling back to default profiles: default
[INFO ] 2021-04-25 16:39:48.527 [restartedMain] ProjectbackendApplication - Started ProjectbackendApplication in 8.813 seconds (JVM running for 15.683)
[INFO ] 2021-04-25 16:39:48.528 [scheduling-1] OpenSkyService - Calling External API
[INFO ] 2021-04-25 16:39:52.097 [scheduling-1] OpenSkyService - Success on calling the API
[INFO ] 2021-04-25 16:39:52.097 [scheduling-1] OpenSkyService - Updating information on 26 planes
[INFO ] 2021-04-25 16:39:52.764 [scheduling-1] OpenSkyService - Updating the database: 17 new planes entering the region
[INFO ] 2021-04-26 00:09:02.558 [main] ProjectbackendApplicationTests - Starting ProjectbackendApplicationTests using Java 15.0.2 on DESKTOP-SGTOE57 with PID 28868 (started by rafas in C:\Users\rafas\OneDrive\rea de Trabalho\TP_ES\open-sky-project\projectbackend)
[DEBUG] 2021-04-26 00:09:02.830 [main] ProjectbackendApplicationTests - Running with Spring Boot v2.4.4, Spring v5.3.5
[INFO ] 2021-04-26 00:09:02.833 [main] ProjectbackendApplicationTests - No active profile set, falling back to default profiles: default
[INFO ] 2021-04-26 00:09:33.573 [main] ProjectbackendApplicationTests - Started ProjectbackendApplicationTests in 33.134 seconds (JVM running for 42.199)
[INFO ] 2021-04-26 00:09:33.702 [scheduling-1] OpenSkyService - Calling External API
[INFO ] 2021-04-26 00:09:38.306 [scheduling-1] OpenSkyService - Success on calling the API
[INFO ] 2021-04-26 00:09:38.307 [scheduling-1] OpenSkyService - Updating information on 41 planes
[INFO ] 2021-04-26 00:09:39.571 [scheduling-1] OpenSkyService - Updating the database: 25 new planes entering the region
[INFO ] 2021-04-26 00:11:47.067 [restartedMain] ProjectbackendApplication - Starting ProjectbackendApplication using Java 15.0.2 on DESKTOP-SGTOE57 with PID 25808 (C:\Users\rafas\OneDrive\Área de Trabalho\TP_ES\open-sky-project\projectbackend\target\classes started by rafas in C:\Users\rafas\OneDrive\Área de Trabalho\TP_ES\open-sky-project\projectbackend)
[DEBUG] 2021-04-26 00:11:47.083 [restartedMain] ProjectbackendApplication - Running with Spring Boot v2.4.4, Spring v5.3.5
[INFO ] 2021-04-26 00:11:47.086 [restartedMain] ProjectbackendApplication - No active profile set, falling back to default profiles: default
[INFO ] 2021-04-26 00:11:57.511 [scheduling-1] OpenSkyService - Calling External API
[INFO ] 2021-04-26 00:11:57.515 [restartedMain] ProjectbackendApplication - Started ProjectbackendApplication in 11.551 seconds (JVM running for 15.896)
[INFO ] 2021-04-26 00:11:58.884 [scheduling-1] OpenSkyService - Success on calling the API
[INFO ] 2021-04-26 00:11:58.885 [scheduling-1] OpenSkyService - Updating information on 40 planes
[INFO ] 2021-04-26 00:11:59.820 [scheduling-1] OpenSkyService - Updating the database: 6 new planes entering the region
[INFO ] 2021-04-26 00:13:16.069 [main] ProjectbackendApplicationTests - Starting ProjectbackendApplicationTests using Java 15.0.2 on DESKTOP-SGTOE57 with PID 29804 (started by rafas in C:\Users\rafas\OneDrive\rea de Trabalho\TP_ES\open-sky-project\projectbackend)
[DEBUG] 2021-04-26 00:13:16.128 [main] ProjectbackendApplicationTests - Running with Spring Boot v2.4.4, Spring v5.3.5
[INFO ] 2021-04-26 00:13:16.131 [main] ProjectbackendApplicationTests - No active profile set, falling back to default profiles: default
[INFO ] 2021-04-26 00:13:42.216 [main] ProjectbackendApplicationTests - Started ProjectbackendApplicationTests in 28.156 seconds (JVM running for 35.916)
[INFO ] 2021-04-26 00:13:42.256 [scheduling-1] OpenSkyService - Calling External API
[INFO ] 2021-04-26 00:13:47.899 [scheduling-1] OpenSkyService - Success on calling the API
[INFO ] 2021-04-26 00:13:47.900 [scheduling-1] OpenSkyService - Updating information on 42 planes
[INFO ] 2021-04-26 00:13:49.422 [scheduling-1] OpenSkyService - Updating the database: 6 new planes entering the region
[INFO ] 2021-04-26 00:25:10.770 [main] ProjectbackendApplicationTests - Starting ProjectbackendApplicationTests using Java 15.0.2 on DESKTOP-SGTOE57 with PID 18712 (started by rafas in C:\Users\rafas\OneDrive\rea de Trabalho\TP_ES\open-sky-project\projectbackend)
[DEBUG] 2021-04-26 00:25:10.795 [main] ProjectbackendApplicationTests - Running with Spring Boot v2.4.4, Spring v5.3.5
[INFO ] 2021-04-26 00:25:10.802 [main] ProjectbackendApplicationTests - No active profile set, falling back to default profiles: default
[INFO ] 2021-04-26 00:25:40.300 [scheduling-1] OpenSkyService - Calling External API
[INFO ] 2021-04-26 00:25:40.280 [main] ProjectbackendApplicationTests - Started ProjectbackendApplicationTests in 31.395 seconds (JVM running for 39.916)
[INFO ] 2021-04-26 00:25:44.356 [scheduling-1] OpenSkyService - Success on calling the API
[INFO ] 2021-04-26 00:25:44.357 [scheduling-1] OpenSkyService - Updating information on 29 planes
[INFO ] 2021-04-26 00:25:46.277 [scheduling-1] OpenSkyService - Updating the database: 12 new planes entering the region
[INFO ] 2021-04-26 01:05:58.728 [main] ProjectbackendApplicationTests - Starting ProjectbackendApplicationTests using Java 15.0.2 on DESKTOP-SGTOE57 with PID 20956 (started by rafas in C:\Users\rafas\OneDrive\rea de Trabalho\TP_ES\open-sky-project\projectbackend)
[DEBUG] 2021-04-26 01:05:58.807 [main] ProjectbackendApplicationTests - Running with Spring Boot v2.4.4, Spring v5.3.5
[INFO ] 2021-04-26 01:05:58.809 [main] ProjectbackendApplicationTests - No active profile set, falling back to default profiles: default
[INFO ] 2021-04-26 01:06:19.932 [main] ProjectbackendApplicationTests - Started ProjectbackendApplicationTests in 23.103 seconds (JVM running for 29.329)
[INFO ] 2021-04-26 01:06:19.961 [scheduling-1] OpenSkyService - Calling External API
[INFO ] 2021-04-26 01:06:22.850 [scheduling-1] OpenSkyService - Success on calling the API
[INFO ] 2021-04-26 01:06:22.851 [scheduling-1] OpenSkyService - Updating information on 34 planes
[INFO ] 2021-04-26 01:06:24.323 [scheduling-1] OpenSkyService - Updating the database: 15 new planes entering the region
[INFO ] 2021-04-26 01:09:09.877 [restartedMain] ProjectbackendApplication - Starting ProjectbackendApplication using Java 15.0.2 on DESKTOP-SGTOE57 with PID 31004 (C:\Users\rafas\OneDrive\Área de Trabalho\TP_ES\open-sky-project\projectbackend\target\classes started by rafas in C:\Users\rafas\OneDrive\Área de Trabalho\TP_ES\open-sky-project\projectbackend)
[DEBUG] 2021-04-26 01:09:09.913 [restartedMain] ProjectbackendApplication - Running with Spring Boot v2.4.4, Spring v5.3.5
[INFO ] 2021-04-26 01:09:09.913 [restartedMain] ProjectbackendApplication - No active profile set, falling back to default profiles: default
[INFO ] 2021-04-26 01:09:22.292 [restartedMain] ProjectbackendApplication - Started ProjectbackendApplication in 13.72 seconds (JVM running for 18.696)
[INFO ] 2021-04-26 01:09:22.289 [scheduling-1] OpenSkyService - Calling External API
[INFO ] 2021-04-26 01:09:23.676 [scheduling-1] OpenSkyService - Success on calling the API
[INFO ] 2021-04-26 01:09:23.677 [scheduling-1] OpenSkyService - Updating information on 29 planes
[INFO ] 2021-04-26 01:09:24.407 [scheduling-1] OpenSkyService - Updating the database: 4 new planes entering the region
[INFO ] 2021-04-26 01:10:02.200 [main] ProjectbackendApplicationTests - Starting ProjectbackendApplicationTests using Java 15.0.2 on DESKTOP-SGTOE57 with PID 15924 (started by rafas in C:\Users\rafas\OneDrive\rea de Trabalho\TP_ES\open-sky-project\projectbackend)
[DEBUG] 2021-04-26 01:10:02.231 [main] ProjectbackendApplicationTests - Running with Spring Boot v2.4.4, Spring v5.3.5
[INFO ] 2021-04-26 01:10:02.236 [main] ProjectbackendApplicationTests - No active profile set, falling back to default profiles: default
[INFO ] 2021-04-26 01:10:37.044 [scheduling-1] OpenSkyService - Calling External API
[INFO ] 2021-04-26 01:10:37.240 [main] ProjectbackendApplicationTests - Started ProjectbackendApplicationTests in 36.428 seconds (JVM running for 45.113)
[INFO ] 2021-04-26 01:10:41.992 [scheduling-1] OpenSkyService - Success on calling the API
[INFO ] 2021-04-26 01:10:41.993 [scheduling-1] OpenSkyService - Updating information on 30 planes
[INFO ] 2021-04-26 01:10:44.430 [scheduling-1] OpenSkyService - Updating the database: 5 new planes entering the region
[INFO ] 2021-04-26 03:10:07.829 [main] ProjectbackendApplicationTests - Starting ProjectbackendApplicationTests using Java 15.0.2 on DESKTOP-SGTOE57 with PID 27964 (started by rafas in C:\Users\rafas\OneDrive\rea de Trabalho\TP_ES\open-sky-project\projectbackend)
[DEBUG] 2021-04-26 03:10:07.851 [main] ProjectbackendApplicationTests - Running with Spring Boot v2.4.4, Spring v5.3.5
[INFO ] 2021-04-26 03:10:07.854 [main] ProjectbackendApplicationTests - No active profile set, falling back to default profiles: default
[INFO ] 2021-04-26 03:10:23.358 [main] ProjectbackendApplicationTests - Started ProjectbackendApplicationTests in 16.584 seconds (JVM running for 22.934)
[INFO ] 2021-04-26 03:10:23.390 [scheduling-1] OpenSkyService - Calling External API
[INFO ] 2021-04-26 03:10:25.269 [scheduling-1] OpenSkyService - Success on calling the API
[INFO ] 2021-04-26 03:10:25.270 [scheduling-1] OpenSkyService - Updating information on 20 planes
[INFO ] 2021-04-26 03:10:26.153 [scheduling-1] OpenSkyService - Updating the database: 15 new planes entering the region
[INFO ] 2021-04-26 03:27:02.837 [main] ProjectbackendApplicationTests - Starting ProjectbackendApplicationTests using Java 15.0.2 on DESKTOP-SGTOE57 with PID 21868 (started by rafas in C:\Users\rafas\OneDrive\rea de Trabalho\TP_ES\open-sky-project\projectbackend)
[DEBUG] 2021-04-26 03:27:02.874 [main] ProjectbackendApplicationTests - Running with Spring Boot v2.4.4, Spring v5.3.5
[INFO ] 2021-04-26 03:27:02.884 [main] ProjectbackendApplicationTests - No active profile set, falling back to default profiles: default
[INFO ] 2021-04-26 03:27:35.893 [main] ProjectbackendApplicationTests - Started ProjectbackendApplicationTests in 35.055 seconds (JVM running for 44.534)
[INFO ] 2021-04-26 03:27:35.929 [scheduling-1] OpenSkyService - Calling External API
[INFO ] 2021-04-26 03:27:37.998 [scheduling-1] OpenSkyService - Success on calling the API
[INFO ] 2021-04-26 03:27:37.998 [scheduling-1] OpenSkyService - Updating information on 15 planes
[INFO ] 2021-04-26 03:27:39.104 [scheduling-1] OpenSkyService - Updating the database: 6 new planes entering the region
[INFO ] 2021-04-26 03:50:29.646 [main] ProjectbackendApplicationTests - Starting ProjectbackendApplicationTests using Java 15.0.2 on DESKTOP-SGTOE57 with PID 27144 (started by rafas in C:\Users\rafas\OneDrive\rea de Trabalho\TP_ES\open-sky-project\projectbackend)
[DEBUG] 2021-04-26 03:50:29.764 [main] ProjectbackendApplicationTests - Running with Spring Boot v2.4.4, Spring v5.3.5
[INFO ] 2021-04-26 03:50:29.767 [main] ProjectbackendApplicationTests - No active profile set, falling back to default profiles: default
[INFO ] 2021-04-26 03:50:56.931 [main] ProjectbackendApplicationTests - Started ProjectbackendApplicationTests in 29.482 seconds (JVM running for 43.011)
[INFO ] 2021-04-26 03:50:57.065 [scheduling-1] OpenSkyService - Calling External API
[INFO ] 2021-04-26 03:51:00.815 [scheduling-1] OpenSkyService - Success on calling the API
[INFO ] 2021-04-26 03:51:00.815 [scheduling-1] OpenSkyService - Updating information on 23 planes
[INFO ] 2021-04-26 03:51:02.921 [scheduling-1] OpenSkyService - Updating the database: 9 new planes entering the region
[INFO ] 2021-04-26 03:52:22.842 [restartedMain] ProjectbackendApplication - Starting ProjectbackendApplication using Java 15.0.2 on DESKTOP-SGTOE57 with PID 25728 (C:\Users\rafas\OneDrive\Área de Trabalho\TP_ES\open-sky-project\projectbackend\target\classes started by rafas in C:\Users\rafas\OneDrive\Área de Trabalho\TP_ES\open-sky-project\projectbackend)
[DEBUG] 2021-04-26 03:52:22.861 [restartedMain] ProjectbackendApplication - Running with Spring Boot v2.4.4, Spring v5.3.5
[INFO ] 2021-04-26 03:52:22.862 [restartedMain] ProjectbackendApplication - No active profile set, falling back to default profiles: default
[INFO ] 2021-04-26 03:52:33.682 [restartedMain] ProjectbackendApplication - Started ProjectbackendApplication in 11.861 seconds (JVM running for 16.145)
[INFO ] 2021-04-26 03:52:33.751 [scheduling-1] OpenSkyService - Calling External API
[INFO ] 2021-04-26 03:52:35.543 [scheduling-1] OpenSkyService - Success on calling the API
[INFO ] 2021-04-26 03:52:35.543 [scheduling-1] OpenSkyService - Updating information on 19 planes
[INFO ] 2021-04-26 03:52:36.291 [scheduling-1] OpenSkyService - Updating the database: 1 new planes entering the region
[INFO ] 2021-04-26 03:54:06.971 [restartedMain] ProjectbackendApplication - Starting ProjectbackendApplication using Java 15.0.2 on DESKTOP-SGTOE57 with PID 34636 (C:\Users\rafas\OneDrive\Área de Trabalho\TP_ES\open-sky-project\projectbackend\target\classes started by rafas in C:\Users\rafas\OneDrive\Área de Trabalho\TP_ES\open-sky-project\projectbackend)
[DEBUG] 2021-04-26 03:54:07.002 [restartedMain] ProjectbackendApplication - Running with Spring Boot v2.4.4, Spring v5.3.5
[INFO ] 2021-04-26 03:54:07.003 [restartedMain] ProjectbackendApplication - No active profile set, falling back to default profiles: default
[INFO ] 2021-04-26 03:54:17.368 [scheduling-1] OpenSkyService - Calling External API
[INFO ] 2021-04-26 03:54:17.371 [restartedMain] ProjectbackendApplication - Started ProjectbackendApplication in 11.794 seconds (JVM running for 18.142)
[INFO ] 2021-04-26 03:54:18.704 [scheduling-1] OpenSkyService - Success on calling the API
[INFO ] 2021-04-26 03:54:18.704 [scheduling-1] OpenSkyService - Updating information on 19 planes
[INFO ] 2021-04-26 03:54:19.286 [scheduling-1] OpenSkyService - Updating the database: 1 new planes entering the region
[INFO ] 2021-04-26 03:55:10.797 [main] ProjectbackendApplicationTests - Starting ProjectbackendApplicationTests using Java 15.0.2 on DESKTOP-SGTOE57 with PID 23976 (started by rafas in C:\Users\rafas\OneDrive\rea de Trabalho\TP_ES\open-sky-project\projectbackend)
[DEBUG] 2021-04-26 03:55:10.834 [main] ProjectbackendApplicationTests - Running with Spring Boot v2.4.4, Spring v5.3.5
[INFO ] 2021-04-26 03:55:10.839 [main] ProjectbackendApplicationTests - No active profile set, falling back to default profiles: default
[INFO ] 2021-04-26 03:55:23.427 [scheduling-1] OpenSkyService - Calling External API
[INFO ] 2021-04-26 03:55:24.624 [scheduling-1] OpenSkyService - Success on calling the API
[INFO ] 2021-04-26 03:55:24.625 [scheduling-1] OpenSkyService - Updating information on 23 planes
[INFO ] 2021-04-26 03:55:25.331 [scheduling-1] OpenSkyService - Updating the database: 4 new planes entering the region
[INFO ] 2021-04-26 03:55:38.864 [main] ProjectbackendApplicationTests - Started ProjectbackendApplicationTests in 30.138 seconds (JVM running for 41.327)
[INFO ] 2021-04-26 03:55:38.866 [scheduling-1] OpenSkyService - Calling External API
[INFO ] 2021-04-26 03:55:41.615 [scheduling-1] OpenSkyService - Success on calling the API
[INFO ] 2021-04-26 03:55:41.625 [scheduling-1] OpenSkyService - Updating information on 23 planes
[INFO ] 2021-04-26 03:55:43.432 [scheduling-1] OpenSkyService - Updating the database: 1 new planes entering the region
[INFO ] 2021-04-26 03:56:25.457 [scheduling-1] OpenSkyService - Calling External API
[INFO ] 2021-04-26 03:56:26.235 [scheduling-1] OpenSkyService - Success on calling the API
[INFO ] 2021-04-26 03:56:26.236 [scheduling-1] OpenSkyService - Updating information on 23 planes
[INFO ] 2021-04-26 03:56:26.532 [scheduling-1] OpenSkyService - Updating the database: 1 new planes entering the region
[INFO ] 2021-04-26 03:57:26.703 [scheduling-1] OpenSkyService - Calling External API
[INFO ] 2021-04-26 03:57:27.406 [scheduling-1] OpenSkyService - Success on calling the API
[INFO ] 2021-04-26 03:57:27.406 [scheduling-1] OpenSkyService - Updating information on 26 planes
[INFO ] 2021-04-26 03:57:27.878 [scheduling-1] OpenSkyService - Updating the database: 4 new planes entering the region
[INFO ] 2021-04-26 03:58:28.094 [scheduling-1] OpenSkyService - Calling External API
[INFO ] 2021-04-26 03:58:28.852 [scheduling-1] OpenSkyService - Success on calling the API
[INFO ] 2021-04-26 03:58:28.853 [scheduling-1] OpenSkyService - Updating information on 25 planes
[INFO ] 2021-04-26 03:58:29.532 [scheduling-1] OpenSkyService - Updating the database: 3 new planes entering the region
[INFO ] 2021-04-26 07:11:44.342 [main] ProjectbackendApplicationTests - Starting ProjectbackendApplicationTests using Java 15.0.2 on DESKTOP-SGTOE57 with PID 30220 (started by rafas in C:\Users\rafas\OneDrive\rea de Trabalho\TP_ES\open-sky-project\projectbackend)
[DEBUG] 2021-04-26 07:11:44.387 [main] ProjectbackendApplicationTests - Running with Spring Boot v2.4.4, Spring v5.3.5
[INFO ] 2021-04-26 07:11:44.390 [main] ProjectbackendApplicationTests - No active profile set, falling back to default profiles: default
[INFO ] 2021-04-26 07:11:53.818 [scheduling-1] OpenSkyService - Calling External API
[INFO ] 2021-04-26 07:11:53.827 [main] ProjectbackendApplicationTests - Started ProjectbackendApplicationTests in 10.378 seconds (JVM running for 13.718)
